[     118ms] [LOG] [Fast Refresh] rebuilding @ http://localhost:3000/_next/static/chunks/node_modules_next_dist_115brz8._.js:2431
[     309ms] [LOG] [Fast Refresh] done in 292ms @ http://localhost:3000/_next/static/chunks/node_modules_next_dist_115brz8._.js:2431
[     954ms] [INFO] %cDownload the React DevTools for a better development experience: https://react.dev/link/react-devtools font-weight:bold @ http://localhost:3000/_next/static/chunks/node_modules_next_dist_115brz8._.js:2431
[    1033ms] [LOG] [HMR] connected @ http://localhost:3000/_next/static/chunks/node_modules_next_dist_115brz8._.js:2431
[    1217ms] [WARNING] Image with src "https://minimum-amber-a4qmprk7vs.edgeone.app/DSC04395.png" is using quality "70" which is not configured in images.qualities [75]. Please update your config to [70, 75].
Read more: https://nextjs.org/docs/messages/next-image-unconfigured-qualities @ http://localhost:3000/_next/static/chunks/node_modules_next_dist_115brz8._.js:2431
[    1221ms] [WARNING] Image with src "https://fantastic-chocolate-zf9kjl0vke.edgeone.app/DSC04373.png" is using quality "70" which is not configured in images.qualities [75]. Please update your config to [70, 75].
Read more: https://nextjs.org/docs/messages/next-image-unconfigured-qualities @ http://localhost:3000/_next/static/chunks/node_modules_next_dist_115brz8._.js:2431
[    1224ms] [WARNING] Image with src "https://agreed-azure-zjezxiows0.edgeone.app/DSC04411-Enhanced-NR.png" is using quality "70" which is not configured in images.qualities [75]. Please update your config to [70, 75].
Read more: https://nextjs.org/docs/messages/next-image-unconfigured-qualities @ http://localhost:3000/_next/static/chunks/node_modules_next_dist_115brz8._.js:2431
[    1226ms] [WARNING] Image with src "https://ugliest-lavender-csj1iqaayz.edgeone.app/DSC04404-2-Enhanced-NR.png" is using quality "70" which is not configured in images.qualities [75]. Please update your config to [70, 75].
Read more: https://nextjs.org/docs/messages/next-image-unconfigured-qualities @ http://localhost:3000/_next/static/chunks/node_modules_next_dist_115brz8._.js:2431
[    1229ms] [WARNING] Image with src "https://absolute-moccasin-prou3nhs4n.edgeone.app/DSC04456-Enhanced-NR.png" is using quality "70" which is not configured in images.qualities [75]. Please update your config to [70, 75].
Read more: https://nextjs.org/docs/messages/next-image-unconfigured-qualities @ http://localhost:3000/_next/static/chunks/node_modules_next_dist_115brz8._.js:2431
[    1233ms] [WARNING] Image with src "https://zygotic-turquoise-ytseh49sgl.edgeone.app/DSC04379.png" is using quality "70" which is not configured in images.qualities [75]. Please update your config to [70, 75].
Read more: https://nextjs.org/docs/messages/next-image-unconfigured-qualities @ http://localhost:3000/_next/static/chunks/node_modules_next_dist_115brz8._.js:2431
[    1235ms] [WARNING] Image with src "https://rapid-purple-slfeijomv1.edgeone.app/DSC04401.png" is using quality "70" which is not configured in images.qualities [75]. Please update your config to [70, 75].
Read more: https://nextjs.org/docs/messages/next-image-unconfigured-qualities @ http://localhost:3000/_next/static/chunks/node_modules_next_dist_115brz8._.js:2431
[    1237ms] [WARNING] Image with src "https://variable-indigo-1iauojgzig.edgeone.app/DSC04387.png" is using quality "70" which is not configured in images.qualities [75]. Please update your config to [70, 75].
Read more: https://nextjs.org/docs/messages/next-image-unconfigured-qualities @ http://localhost:3000/_next/static/chunks/node_modules_next_dist_115brz8._.js:2431
[    1239ms] [WARNING] Image with src "https://super-sapphire-76vas0mvon.edgeone.app/DSC04439-Enhanced-NR.png" is using quality "70" which is not configured in images.qualities [75]. Please update your config to [70, 75].
Read more: https://nextjs.org/docs/messages/next-image-unconfigured-qualities @ http://localhost:3000/_next/static/chunks/node_modules_next_dist_115brz8._.js:2431
[    1241ms] [WARNING] Image with src "https://everyday-lavender-afdj1v0ws7.edgeone.app/DSC04430-Enhanced-NR.png" is using quality "70" which is not configured in images.qualities [75]. Please update your config to [70, 75].
Read more: https://nextjs.org/docs/messages/next-image-unconfigured-qualities @ http://localhost:3000/_next/static/chunks/node_modules_next_dist_115brz8._.js:2431
[    1243ms] [WARNING] Image with src "https://precise-apricot-uv0yrjzron.edgeone.app/DSC04450-Enhanced-NR.png" is using quality "70" which is not configured in images.qualities [75]. Please update your config to [70, 75].
Read more: https://nextjs.org/docs/messages/next-image-unconfigured-qualities @ http://localhost:3000/_next/static/chunks/node_modules_next_dist_115brz8._.js:2431
[    1246ms] [WARNING] Image with src "https://simple-lavender-oofkk0bffl.edgeone.app/DSC04462-Enhanced-NR.png" is using quality "70" which is not configured in images.qualities [75]. Please update your config to [70, 75].
Read more: https://nextjs.org/docs/messages/next-image-unconfigured-qualities @ http://localhost:3000/_next/static/chunks/node_modules_next_dist_115brz8._.js:2431
[    1318ms] Error: Hydration failed because the server rendered text didn't match the client. As a result this tree will be regenerated on the client. This can happen if a SSR-ed Client Component used:

- A server/client branch `if (typeof window !== 'undefined')`.
- Variable input such as `Date.now()` or `Math.random()` which changes each time it's called.
- Date formatting in a user's locale which doesn't match the server.
- External changing data without sending a snapshot of it along with the HTML.
- Invalid HTML tag nesting.

It can also happen if the client has a browser extension installed which messes with the HTML before React loaded.

https://react.dev/link/hydration-mismatch

  ...
    <HTTPAccessFallbackBoundary notFound={<NotAllowedRootHTTPFallbackError>}>
      <HTTPAccessFallbackErrorBoundary pathname="/" notFound={<NotAllowedRootHTTPFallbackError>} forbidden={undefined} ...>
        <RedirectBoundary>
          <RedirectErrorBoundary router={{...}}>
            <Head>
            <__next_root_layout_boundary__>
              <LoadingBoundaryProvider loading={[...]}>
                <SegmentViewNode type="layout" pagePath="layout.tsx">
                  <SegmentTrieNode>
                  <link>
                  <script>
                  <script>
                  <script>
                  <RootLayout>
                    <html lang="en" className="playfair_d..." suppressHydrationWarning={true}>
                      <head>
                      <body className="min-h-dvh ...">
                        <Suspense>
                        <SiteChrome navbar={{navLinks:[...], ...}} footer={{...}}>
                          <Navbar>
                            <div className="bg-charcoa...">
                              <div className="max-w-7xl ...">
                                <p className="font-sans tracking-wide">
+                                 Precision Board Manufacturing - Paterson, NJ since 1999
-                                 Family-Owned Manufacturer · Paterson, NJ since 1999
                                ...
                            ...
                          ...
                        ...
            ...

    at throwOnHydrationMismatch (http://localhost:3000/_next/static/chunks/node_modules_next_dist_compiled_react-dom_058-ah~._.js:3318:56)
    at prepareToHydrateHostInstance (http://localhost:3000/_next/static/chunks/node_modules_next_dist_compiled_react-dom_058-ah~._.js:3372:23)
    at completeWork (http://localhost:3000/_next/static/chunks/node_modules_next_dist_compiled_react-dom_058-ah~._.js:6922:60)
    at runWithFiberInDEV (http://localhost:3000/_next/static/chunks/node_modules_next_dist_compiled_react-dom_058-ah~._.js:965:74)
    at completeUnitOfWork (http://localhost:3000/_next/static/chunks/node_modules_next_dist_compiled_react-dom_058-ah~._.js:9622:23)
    at performUnitOfWork (http://localhost:3000/_next/static/chunks/node_modules_next_dist_compiled_react-dom_058-ah~._.js:9557:28)
    at workLoopConcurrentByScheduler (http://localhost:3000/_next/static/chunks/node_modules_next_dist_compiled_react-dom_058-ah~._.js:9551:58)
    at renderRootConcurrent (http://localhost:3000/_next/static/chunks/node_modules_next_dist_compiled_react-dom_058-ah~._.js:9534:71)
    at performWorkOnRoot (http://localhost:3000/_next/static/chunks/node_modules_next_dist_compiled_react-dom_058-ah~._.js:9061:150)
    at performWorkOnRootViaSchedulerTask (http://localhost:3000/_next/static/chunks/node_modules_next_dist_compiled_react-dom_058-ah~._.js:10255:9)
    at MessagePort.performWorkUntilDeadline (http://localhost:3000/_next/static/chunks/node_modules_next_dist_compiled_0rpq4pf._.js:2647:64)
[    1513ms] [LOG] [Fast Refresh] rebuilding @ http://localhost:3000/_next/static/chunks/node_modules_next_dist_115brz8._.js:2431
[    1525ms] [LOG] [Fast Refresh] done in 113ms @ http://localhost:3000/_next/static/chunks/node_modules_next_dist_115brz8._.js:2431
[    1633ms] [ERROR] The Content Security Policy directive 'upgrade-insecure-requests' is ignored when delivered in a report-only policy. @ https://play.gumlet.io/embed/69ec633f80df8787f2c1524e?autoplay=true&loop=true&background=true&muted=true&preload=true&disable_logo=true:0
[    8443ms] [WARNING] The resource https://video.gumlet.io/69ec5f2680df8787f2c0fb79/69ec633f80df8787f2c1524e/thumbnail-1-0.png?format=auto&ar=1920%3A1080&mode=crop&w=160 was preloaded using link preload but not used within a few seconds from the window's load event. Please make sure it has an appropriate `as` value and it is preloaded intentionally. @ https://play.gumlet.io/embed/69ec633f80df8787f2c1524e?autoplay=true&loop=true&background=true&muted=true&preload=true&disable_logo=true:0
[   16440ms] [WARNING] The resource https://video.gumlet.io/69ec5f2680df8787f2c0fb79/69ec633f80df8787f2c1524e/thumbnail-1-0.png?format=auto&ar=1920%3A1080&mode=crop&w=160 was preloaded using link preload but not used within a few seconds from the window's load event. Please make sure it has an appropriate `as` value and it is preloaded intentionally. @ https://play.gumlet.io/embed/69ec633f80df8787f2c1524e?autoplay=true&loop=true&background=true&muted=true&preload=true&disable_logo=true:0
[   19512ms] [WARNING] The resource https://video.gumlet.io/69ec5f2680df8787f2c0fb79/69ec633f80df8787f2c1524e/thumbnail-1-0.png?format=auto&ar=1920%3A1080&mode=crop&w=160 was preloaded using link preload but not used within a few seconds from the window's load event. Please make sure it has an appropriate `as` value and it is preloaded intentionally. @ https://play.gumlet.io/embed/69ec633f80df8787f2c1524e?autoplay=true&loop=true&background=true&muted=true&preload=true&disable_logo=true:0
[   29751ms] [WARNING] The resource https://video.gumlet.io/69ec5f2680df8787f2c0fb79/69ec633f80df8787f2c1524e/thumbnail-1-0.png?format=auto&ar=1920%3A1080&mode=crop&w=160 was preloaded using link preload but not used within a few seconds from the window's load event. Please make sure it has an appropriate `as` value and it is preloaded intentionally. @ https://play.gumlet.io/embed/69ec633f80df8787f2c1524e?autoplay=true&loop=true&background=true&muted=true&preload=true&disable_logo=true:0
[   32322ms] [LOG] [Fast Refresh] rebuilding @ http://localhost:3000/_next/static/chunks/node_modules_next_dist_115brz8._.js:2431
[   32325ms] [LOG] [Fast Refresh] done in 103ms @ http://localhost:3000/_next/static/chunks/node_modules_next_dist_115brz8._.js:2431
[   32937ms] [WARNING] The resource https://video.gumlet.io/69ec5f2680df8787f2c0fb79/69ec633f80df8787f2c1524e/thumbnail-1-0.png?format=auto&ar=1920%3A1080&mode=crop&w=160 was preloaded using link preload but not used within a few seconds from the window's load event. Please make sure it has an appropriate `as` value and it is preloaded intentionally. @ https://play.gumlet.io/embed/69ec633f80df8787f2c1524e?autoplay=true&loop=true&background=true&muted=true&preload=true&disable_logo=true:0
[   46078ms] [WARNING] The resource https://video.gumlet.io/69ec5f2680df8787f2c0fb79/69ec633f80df8787f2c1524e/thumbnail-1-0.png?format=auto&ar=1920%3A1080&mode=crop&w=160 was preloaded using link preload but not used within a few seconds from the window's load event. Please make sure it has an appropriate `as` value and it is preloaded intentionally. @ https://play.gumlet.io/embed/69ec633f80df8787f2c1524e?autoplay=true&loop=true&background=true&muted=true&preload=true&disable_logo=true:0
[   56192ms] [WARNING] The resource https://video.gumlet.io/69ec5f2680df8787f2c0fb79/69ec633f80df8787f2c1524e/thumbnail-1-0.png?format=auto&ar=1920%3A1080&mode=crop&w=160 was preloaded using link preload but not used within a few seconds from the window's load event. Please make sure it has an appropriate `as` value and it is preloaded intentionally. @ https://play.gumlet.io/embed/69ec633f80df8787f2c1524e?autoplay=true&loop=true&background=true&muted=true&preload=true&disable_logo=true:0
[   59414ms] [WARNING] The resource https://video.gumlet.io/69ec5f2680df8787f2c0fb79/69ec633f80df8787f2c1524e/thumbnail-1-0.png?format=auto&ar=1920%3A1080&mode=crop&w=160 was preloaded using link preload but not used within a few seconds from the window's load event. Please make sure it has an appropriate `as` value and it is preloaded intentionally. @ https://play.gumlet.io/embed/69ec633f80df8787f2c1524e?autoplay=true&loop=true&background=true&muted=true&preload=true&disable_logo=true:0
[   72735ms] [WARNING] The resource https://video.gumlet.io/69ec5f2680df8787f2c0fb79/69ec633f80df8787f2c1524e/thumbnail-1-0.png?format=auto&ar=1920%3A1080&mode=crop&w=160 was preloaded using link preload but not used within a few seconds from the window's load event. Please make sure it has an appropriate `as` value and it is preloaded intentionally. @ https://play.gumlet.io/embed/69ec633f80df8787f2c1524e?autoplay=true&loop=true&background=true&muted=true&preload=true&disable_logo=true:0
[   82788ms] [WARNING] The resource https://video.gumlet.io/69ec5f2680df8787f2c0fb79/69ec633f80df8787f2c1524e/thumbnail-1-0.png?format=auto&ar=1920%3A1080&mode=crop&w=160 was preloaded using link preload but not used within a few seconds from the window's load event. Please make sure it has an appropriate `as` value and it is preloaded intentionally. @ https://play.gumlet.io/embed/69ec633f80df8787f2c1524e?autoplay=true&loop=true&background=true&muted=true&preload=true&disable_logo=true:0
[   85961ms] [WARNING] The resource https://video.gumlet.io/69ec5f2680df8787f2c0fb79/69ec633f80df8787f2c1524e/thumbnail-1-0.png?format=auto&ar=1920%3A1080&mode=crop&w=160 was preloaded using link preload but not used within a few seconds from the window's load event. Please make sure it has an appropriate `as` value and it is preloaded intentionally. @ https://play.gumlet.io/embed/69ec633f80df8787f2c1524e?autoplay=true&loop=true&background=true&muted=true&preload=true&disable_logo=true:0
[   96061ms] [WARNING] The resource https://video.gumlet.io/69ec5f2680df8787f2c0fb79/69ec633f80df8787f2c1524e/thumbnail-1-0.png?format=auto&ar=1920%3A1080&mode=crop&w=160 was preloaded using link preload but not used within a few seconds from the window's load event. Please make sure it has an appropriate `as` value and it is preloaded intentionally. @ https://play.gumlet.io/embed/69ec633f80df8787f2c1524e?autoplay=true&loop=true&background=true&muted=true&preload=true&disable_logo=true:0
[   99268ms] [WARNING] The resource https://video.gumlet.io/69ec5f2680df8787f2c0fb79/69ec633f80df8787f2c1524e/thumbnail-1-0.png?format=auto&ar=1920%3A1080&mode=crop&w=160 was preloaded using link preload but not used within a few seconds from the window's load event. Please make sure it has an appropriate `as` value and it is preloaded intentionally. @ https://play.gumlet.io/embed/69ec633f80df8787f2c1524e?autoplay=true&loop=true&background=true&muted=true&preload=true&disable_logo=true:0
[  108555ms] [LOG] [Fast Refresh] rebuilding @ http://localhost:3000/_next/static/chunks/node_modules_next_dist_115brz8._.js:2431
[  109333ms] [WARNING] The resource https://video.gumlet.io/69ec5f2680df8787f2c0fb79/69ec633f80df8787f2c1524e/thumbnail-1-0.png?format=auto&ar=1920%3A1080&mode=crop&w=160 was preloaded using link preload but not used within a few seconds from the window's load event. Please make sure it has an appropriate `as` value and it is preloaded intentionally. @ https://play.gumlet.io/embed/69ec633f80df8787f2c1524e?autoplay=true&loop=true&background=true&muted=true&preload=true&disable_logo=true:0
[  109389ms] [LOG] [Fast Refresh] done in 93ms @ http://localhost:3000/_next/static/chunks/node_modules_next_dist_115brz8._.js:2431
[  109526ms] [LOG] [Fast Refresh] rebuilding @ http://localhost:3000/_next/static/chunks/node_modules_next_dist_115brz8._.js:2431
[  109738ms] [LOG] [Fast Refresh] done in 314ms @ http://localhost:3000/_next/static/chunks/node_modules_next_dist_115brz8._.js:2431
[  110213ms] [LOG] [Fast Refresh] rebuilding @ http://localhost:3000/_next/static/chunks/node_modules_next_dist_115brz8._.js:2431
[  110673ms] [LOG] [Fast Refresh] done in 561ms @ http://localhost:3000/_next/static/chunks/node_modules_next_dist_115brz8._.js:2431
[  110793ms] [LOG] [Fast Refresh] rebuilding @ http://localhost:3000/_next/static/chunks/node_modules_next_dist_115brz8._.js:2431
[  111197ms] [LOG] [Fast Refresh] done in 508ms @ http://localhost:3000/_next/static/chunks/node_modules_next_dist_115brz8._.js:2431
[  111580ms] [LOG] [Fast Refresh] rebuilding @ http://localhost:3000/_next/static/chunks/node_modules_next_dist_115brz8._.js:2431
[  111704ms] [LOG] [Fast Refresh] done in 224ms @ http://localhost:3000/_next/static/chunks/node_modules_next_dist_115brz8._.js:2431
[  111808ms] [LOG] [Fast Refresh] rebuilding @ http://localhost:3000/_next/static/chunks/node_modules_next_dist_115brz8._.js:2431
[  111952ms] [LOG] [Fast Refresh] done in 246ms @ http://localhost:3000/_next/static/chunks/node_modules_next_dist_115brz8._.js:2431
[  112861ms] [WARNING] The resource https://video.gumlet.io/69ec5f2680df8787f2c0fb79/69ec633f80df8787f2c1524e/thumbnail-1-0.png?format=auto&ar=1920%3A1080&mode=crop&w=160 was preloaded using link preload but not used within a few seconds from the window's load event. Please make sure it has an appropriate `as` value and it is preloaded intentionally. @ https://play.gumlet.io/embed/69ec633f80df8787f2c1524e?autoplay=true&loop=true&background=true&muted=true&preload=true&disable_logo=true:0
