[     114ms] [LOG] [Fast Refresh] rebuilding @ http://localhost:3000/_next/static/chunks/node_modules_next_dist_115brz8._.js:2431
[     114ms] [LOG] [Fast Refresh] rebuilding @ http://localhost:3000/_next/static/chunks/node_modules_next_dist_115brz8._.js:2431
[     244ms] [LOG] [Fast Refresh] done in 233ms @ http://localhost:3000/_next/static/chunks/node_modules_next_dist_115brz8._.js:2431
[     245ms] [LOG] [Fast Refresh] done in 233ms @ http://localhost:3000/_next/static/chunks/node_modules_next_dist_115brz8._.js:2431
[     880ms] [INFO] %cDownload the React DevTools for a better development experience: https://react.dev/link/react-devtools font-weight:bold @ http://localhost:3000/_next/static/chunks/node_modules_next_dist_115brz8._.js:2431
[     917ms] [LOG] [HMR] connected @ http://localhost:3000/_next/static/chunks/node_modules_next_dist_115brz8._.js:2431
[    1172ms] [WARNING] Image with src "https://minimum-amber-a4qmprk7vs.edgeone.app/DSC04395.png" is using quality "70" which is not configured in images.qualities [75]. Please update your config to [70, 75].
Read more: https://nextjs.org/docs/messages/next-image-unconfigured-qualities @ http://localhost:3000/_next/static/chunks/node_modules_next_dist_115brz8._.js:2431
[    1178ms] [WARNING] Image with src "https://fantastic-chocolate-zf9kjl0vke.edgeone.app/DSC04373.png" is using quality "70" which is not configured in images.qualities [75]. Please update your config to [70, 75].
Read more: https://nextjs.org/docs/messages/next-image-unconfigured-qualities @ http://localhost:3000/_next/static/chunks/node_modules_next_dist_115brz8._.js:2431
[    1179ms] [WARNING] Image with src "https://agreed-azure-zjezxiows0.edgeone.app/DSC04411-Enhanced-NR.png" is using quality "70" which is not configured in images.qualities [75]. Please update your config to [70, 75].
Read more: https://nextjs.org/docs/messages/next-image-unconfigured-qualities @ http://localhost:3000/_next/static/chunks/node_modules_next_dist_115brz8._.js:2431
[    1181ms] [WARNING] Image with src "https://ugliest-lavender-csj1iqaayz.edgeone.app/DSC04404-2-Enhanced-NR.png" is using quality "70" which is not configured in images.qualities [75]. Please update your config to [70, 75].
Read more: https://nextjs.org/docs/messages/next-image-unconfigured-qualities @ http://localhost:3000/_next/static/chunks/node_modules_next_dist_115brz8._.js:2431
[    1184ms] [WARNING] Image with src "https://absolute-moccasin-prou3nhs4n.edgeone.app/DSC04456-Enhanced-NR.png" is using quality "70" which is not configured in images.qualities [75]. Please update your config to [70, 75].
Read more: https://nextjs.org/docs/messages/next-image-unconfigured-qualities @ http://localhost:3000/_next/static/chunks/node_modules_next_dist_115brz8._.js:2431
[    1186ms] [WARNING] Image with src "https://zygotic-turquoise-ytseh49sgl.edgeone.app/DSC04379.png" is using quality "70" which is not configured in images.qualities [75]. Please update your config to [70, 75].
Read more: https://nextjs.org/docs/messages/next-image-unconfigured-qualities @ http://localhost:3000/_next/static/chunks/node_modules_next_dist_115brz8._.js:2431
[    1188ms] [WARNING] Image with src "https://rapid-purple-slfeijomv1.edgeone.app/DSC04401.png" is using quality "70" which is not configured in images.qualities [75]. Please update your config to [70, 75].
Read more: https://nextjs.org/docs/messages/next-image-unconfigured-qualities @ http://localhost:3000/_next/static/chunks/node_modules_next_dist_115brz8._.js:2431
[    1191ms] [WARNING] Image with src "https://variable-indigo-1iauojgzig.edgeone.app/DSC04387.png" is using quality "70" which is not configured in images.qualities [75]. Please update your config to [70, 75].
Read more: https://nextjs.org/docs/messages/next-image-unconfigured-qualities @ http://localhost:3000/_next/static/chunks/node_modules_next_dist_115brz8._.js:2431
[    1193ms] [WARNING] Image with src "https://super-sapphire-76vas0mvon.edgeone.app/DSC04439-Enhanced-NR.png" is using quality "70" which is not configured in images.qualities [75]. Please update your config to [70, 75].
Read more: https://nextjs.org/docs/messages/next-image-unconfigured-qualities @ http://localhost:3000/_next/static/chunks/node_modules_next_dist_115brz8._.js:2431
[    1194ms] [WARNING] Image with src "https://everyday-lavender-afdj1v0ws7.edgeone.app/DSC04430-Enhanced-NR.png" is using quality "70" which is not configured in images.qualities [75]. Please update your config to [70, 75].
Read more: https://nextjs.org/docs/messages/next-image-unconfigured-qualities @ http://localhost:3000/_next/static/chunks/node_modules_next_dist_115brz8._.js:2431
[    1195ms] [WARNING] Image with src "https://precise-apricot-uv0yrjzron.edgeone.app/DSC04450-Enhanced-NR.png" is using quality "70" which is not configured in images.qualities [75]. Please update your config to [70, 75].
Read more: https://nextjs.org/docs/messages/next-image-unconfigured-qualities @ http://localhost:3000/_next/static/chunks/node_modules_next_dist_115brz8._.js:2431
[    1208ms] [WARNING] Image with src "https://simple-lavender-oofkk0bffl.edgeone.app/DSC04462-Enhanced-NR.png" is using quality "70" which is not configured in images.qualities [75]. Please update your config to [70, 75].
Read more: https://nextjs.org/docs/messages/next-image-unconfigured-qualities @ http://localhost:3000/_next/static/chunks/node_modules_next_dist_115brz8._.js:2431
[   17200ms] NotFoundError: Failed to execute 'removeChild' on 'Node': The node to be removed is not a child of this node.
    at removeChild (http://localhost:3000/_next/static/chunks/node_modules_next_dist_compiled_react-dom_058-ah~._.js:11920:24)
    at runWithFiberInDEV (http://localhost:3000/_next/static/chunks/node_modules_next_dist_compiled_react-dom_058-ah~._.js:965:74)
    at commitDeletionEffectsOnFiber (http://localhost:3000/_next/static/chunks/node_modules_next_dist_compiled_react-dom_058-ah~._.js:8071:21)
    at recursivelyTraverseMutationEffects (http://localhost:3000/_next/static/chunks/node_modules_next_dist_compiled_react-dom_058-ah~._.js:8195:13)
    at commitMutationEffectsOnFiber (http://localhost:3000/_next/static/chunks/node_modules_next_dist_compiled_react-dom_058-ah~._.js:8286:17)
    at recursivelyTraverseMutationEffects (http://localhost:3000/_next/static/chunks/node_modules_next_dist_compiled_react-dom_058-ah~._.js:8205:106)
    at commitMutationEffectsOnFiber (http://localhost:3000/_next/static/chunks/node_modules_next_dist_compiled_react-dom_058-ah~._.js:8214:17)
    at recursivelyTraverseMutationEffects (http://localhost:3000/_next/static/chunks/node_modules_next_dist_compiled_react-dom_058-ah~._.js:8205:106)
    at commitMutationEffectsOnFiber (http://localhost:3000/_next/static/chunks/node_modules_next_dist_compiled_react-dom_058-ah~._.js:8286:17)
    at recursivelyTraverseMutationEffects (http://localhost:3000/_next/static/chunks/node_modules_next_dist_compiled_react-dom_058-ah~._.js:8205:106)
    at commitMutationEffectsOnFiber (http://localhost:3000/_next/static/chunks/node_modules_next_dist_compiled_react-dom_058-ah~._.js:8286:17)
    at recursivelyTraverseMutationEffects (http://localhost:3000/_next/static/chunks/node_modules_next_dist_compiled_react-dom_058-ah~._.js:8205:106)
    at commitMutationEffectsOnFiber (http://localhost:3000/_next/static/chunks/node_modules_next_dist_compiled_react-dom_058-ah~._.js:8286:17)
    at recursivelyTraverseMutationEffects (http://localhost:3000/_next/static/chunks/node_modules_next_dist_compiled_react-dom_058-ah~._.js:8205:106)
    at commitMutationEffectsOnFiber (http://localhost:3000/_next/static/chunks/node_modules_next_dist_compiled_react-dom_058-ah~._.js:8286:17)
    at recursivelyTraverseMutationEffects (http://localhost:3000/_next/static/chunks/node_modules_next_dist_compiled_react-dom_058-ah~._.js:8205:106)
    at commitMutationEffectsOnFiber (http://localhost:3000/_next/static/chunks/node_modules_next_dist_compiled_react-dom_058-ah~._.js:8214:17)
    at recursivelyTraverseMutationEffects (http://localhost:3000/_next/static/chunks/node_modules_next_dist_compiled_react-dom_058-ah~._.js:8205:106)
    at commitMutationEffectsOnFiber (http://localhost:3000/_next/static/chunks/node_modules_next_dist_compiled_react-dom_058-ah~._.js:8214:17)
    at recursivelyTraverseMutationEffects (http://localhost:3000/_next/static/chunks/node_modules_next_dist_compiled_react-dom_058-ah~._.js:8205:106)
    at commitMutationEffectsOnFiber (http://localhost:3000/_next/static/chunks/node_modules_next_dist_compiled_react-dom_058-ah~._.js:8403:17)
    at recursivelyTraverseMutationEffects (http://localhost:3000/_next/static/chunks/node_modules_next_dist_compiled_react-dom_058-ah~._.js:8205:106)
    at commitMutationEffectsOnFiber (http://localhost:3000/_next/static/chunks/node_modules_next_dist_compiled_react-dom_058-ah~._.js:8403:17)
    at recursivelyTraverseMutationEffects (http://localhost:3000/_next/static/chunks/node_modules_next_dist_compiled_react-dom_058-ah~._.js:8205:106)
    at commitMutationEffectsOnFiber (http://localhost:3000/_next/static/chunks/node_modules_next_dist_compiled_react-dom_058-ah~._.js:8214:17)
    at recursivelyTraverseMutationEffects (http://localhost:3000/_next/static/chunks/node_modules_next_dist_compiled_react-dom_058-ah~._.js:8205:106)
    at commitMutationEffectsOnFiber (http://localhost:3000/_next/static/chunks/node_modules_next_dist_compiled_react-dom_058-ah~._.js:8219:17)
    at recursivelyTraverseMutationEffects (http://localhost:3000/_next/static/chunks/node_modules_next_dist_compiled_react-dom_058-ah~._.js:8205:106)
    at commitMutationEffectsOnFiber (http://localhost:3000/_next/static/chunks/node_modules_next_dist_compiled_react-dom_058-ah~._.js:8214:17)
    at recursivelyTraverseMutationEffects (http://localhost:3000/_next/static/chunks/node_modules_next_dist_compiled_react-dom_058-ah~._.js:8205:106)
    at commitMutationEffectsOnFiber (http://localhost:3000/_next/static/chunks/node_modules_next_dist_compiled_react-dom_058-ah~._.js:8219:17)
    at recursivelyTraverseMutationEffects (http://localhost:3000/_next/static/chunks/node_modules_next_dist_compiled_react-dom_058-ah~._.js:8205:106)
    at commitMutationEffectsOnFiber (http://localhost:3000/_next/static/chunks/node_modules_next_dist_compiled_react-dom_058-ah~._.js:8214:17)
    at recursivelyTraverseMutationEffects (http://localhost:3000/_next/static/chunks/node_modules_next_dist_compiled_react-dom_058-ah~._.js:8205:106)
    at commitMutationEffectsOnFiber (http://localhost:3000/_next/static/chunks/node_modules_next_dist_compiled_react-dom_058-ah~._.js:8371:17)
    at recursivelyTraverseMutationEffects (http://localhost:3000/_next/static/chunks/node_modules_next_dist_compiled_react-dom_058-ah~._.js:8205:106)
    at commitMutationEffectsOnFiber (http://localhost:3000/_next/static/chunks/node_modules_next_dist_compiled_react-dom_058-ah~._.js:8359:17)
    at recursivelyTraverseMutationEffects (http://localhost:3000/_next/static/chunks/node_modules_next_dist_compiled_react-dom_058-ah~._.js:8205:106)
    at commitMutationEffectsOnFiber (http://localhost:3000/_next/static/chunks/node_modules_next_dist_compiled_react-dom_058-ah~._.js:8214:17)
    at recursivelyTraverseMutationEffects (http://localhost:3000/_next/static/chunks/node_modules_next_dist_compiled_react-dom_058-ah~._.js:8205:106)
    at commitMutationEffectsOnFiber (http://localhost:3000/_next/static/chunks/node_modules_next_dist_compiled_react-dom_058-ah~._.js:8214:17)
    at recursivelyTraverseMutationEffects (http://localhost:3000/_next/static/chunks/node_modules_next_dist_compiled_react-dom_058-ah~._.js:8205:106)
    at commitMutationEffectsOnFiber (http://localhost:3000/_next/static/chunks/node_modules_next_dist_compiled_react-dom_058-ah~._.js:8219:17)
    at recursivelyTraverseMutationEffects (http://localhost:3000/_next/static/chunks/node_modules_next_dist_compiled_react-dom_058-ah~._.js:8205:106)
    at commitMutationEffectsOnFiber (http://localhost:3000/_next/static/chunks/node_modules_next_dist_compiled_react-dom_058-ah~._.js:8214:17)
    at recursivelyTraverseMutationEffects (http://localhost:3000/_next/static/chunks/node_modules_next_dist_compiled_react-dom_058-ah~._.js:8205:106)
    at commitMutationEffectsOnFiber (http://localhost:3000/_next/static/chunks/node_modules_next_dist_compiled_react-dom_058-ah~._.js:8214:17)
    at recursivelyTraverseMutationEffects (http://localhost:3000/_next/static/chunks/node_modules_next_dist_compiled_react-dom_058-ah~._.js:8205:106)
    at commitMutationEffectsOnFiber (http://localhost:3000/_next/static/chunks/node_modules_next_dist_compiled_react-dom_058-ah~._.js:8286:17)
    at recursivelyTraverseMutationEffects (http://localhost:3000/_next/static/chunks/node_modules_next_dist_compiled_react-dom_058-ah~._.js:8205:106)
[   40638ms] [LOG] [Fast Refresh] rebuilding @ http://localhost:3000/_next/static/chunks/node_modules_next_dist_115brz8._.js:2431
[   40656ms] [WARNING] [Fast Refresh] performing full reload because your application had an unrecoverable error @ http://localhost:3000/_next/static/chunks/node_modules_next_dist_115brz8._.js:2431
[   40708ms] [LOG] [Fast Refresh] done in 115ms @ http://localhost:3000/_next/static/chunks/node_modules_next_dist_115brz8._.js:2431
[   40812ms] [LOG] [Fast Refresh] rebuilding @ http://localhost:3000/_next/static/chunks/node_modules_next_dist_115brz8._.js:2431
[   40934ms] [LOG] [Fast Refresh] done in 223ms @ http://localhost:3000/_next/static/chunks/node_modules_next_dist_115brz8._.js:2431
[   41615ms] [INFO] %cDownload the React DevTools for a better development experience: https://react.dev/link/react-devtools font-weight:bold @ http://localhost:3000/_next/static/chunks/node_modules_next_dist_115brz8._.js:2431
[   41635ms] [LOG] [HMR] connected @ http://localhost:3000/_next/static/chunks/node_modules_next_dist_115brz8._.js:2431
[   41768ms] [WARNING] Image with src "https://minimum-amber-a4qmprk7vs.edgeone.app/DSC04395.png" is using quality "70" which is not configured in images.qualities [75]. Please update your config to [70, 75].
Read more: https://nextjs.org/docs/messages/next-image-unconfigured-qualities @ http://localhost:3000/_next/static/chunks/node_modules_next_dist_115brz8._.js:2431
[   41770ms] [WARNING] Image with src "https://fantastic-chocolate-zf9kjl0vke.edgeone.app/DSC04373.png" is using quality "70" which is not configured in images.qualities [75]. Please update your config to [70, 75].
Read more: https://nextjs.org/docs/messages/next-image-unconfigured-qualities @ http://localhost:3000/_next/static/chunks/node_modules_next_dist_115brz8._.js:2431
[   41772ms] [WARNING] Image with src "https://agreed-azure-zjezxiows0.edgeone.app/DSC04411-Enhanced-NR.png" is using quality "70" which is not configured in images.qualities [75]. Please update your config to [70, 75].
Read more: https://nextjs.org/docs/messages/next-image-unconfigured-qualities @ http://localhost:3000/_next/static/chunks/node_modules_next_dist_115brz8._.js:2431
[   41774ms] [WARNING] Image with src "https://ugliest-lavender-csj1iqaayz.edgeone.app/DSC04404-2-Enhanced-NR.png" is using quality "70" which is not configured in images.qualities [75]. Please update your config to [70, 75].
Read more: https://nextjs.org/docs/messages/next-image-unconfigured-qualities @ http://localhost:3000/_next/static/chunks/node_modules_next_dist_115brz8._.js:2431
[   41775ms] [WARNING] Image with src "https://absolute-moccasin-prou3nhs4n.edgeone.app/DSC04456-Enhanced-NR.png" is using quality "70" which is not configured in images.qualities [75]. Please update your config to [70, 75].
Read more: https://nextjs.org/docs/messages/next-image-unconfigured-qualities @ http://localhost:3000/_next/static/chunks/node_modules_next_dist_115brz8._.js:2431
[   41777ms] [WARNING] Image with src "https://zygotic-turquoise-ytseh49sgl.edgeone.app/DSC04379.png" is using quality "70" which is not configured in images.qualities [75]. Please update your config to [70, 75].
Read more: https://nextjs.org/docs/messages/next-image-unconfigured-qualities @ http://localhost:3000/_next/static/chunks/node_modules_next_dist_115brz8._.js:2431
[   41779ms] [WARNING] Image with src "https://rapid-purple-slfeijomv1.edgeone.app/DSC04401.png" is using quality "70" which is not configured in images.qualities [75]. Please update your config to [70, 75].
Read more: https://nextjs.org/docs/messages/next-image-unconfigured-qualities @ http://localhost:3000/_next/static/chunks/node_modules_next_dist_115brz8._.js:2431
[   41780ms] [WARNING] Image with src "https://variable-indigo-1iauojgzig.edgeone.app/DSC04387.png" is using quality "70" which is not configured in images.qualities [75]. Please update your config to [70, 75].
Read more: https://nextjs.org/docs/messages/next-image-unconfigured-qualities @ http://localhost:3000/_next/static/chunks/node_modules_next_dist_115brz8._.js:2431
[   41781ms] [WARNING] Image with src "https://super-sapphire-76vas0mvon.edgeone.app/DSC04439-Enhanced-NR.png" is using quality "70" which is not configured in images.qualities [75]. Please update your config to [70, 75].
Read more: https://nextjs.org/docs/messages/next-image-unconfigured-qualities @ http://localhost:3000/_next/static/chunks/node_modules_next_dist_115brz8._.js:2431
[   41783ms] [WARNING] Image with src "https://everyday-lavender-afdj1v0ws7.edgeone.app/DSC04430-Enhanced-NR.png" is using quality "70" which is not configured in images.qualities [75]. Please update your config to [70, 75].
Read more: https://nextjs.org/docs/messages/next-image-unconfigured-qualities @ http://localhost:3000/_next/static/chunks/node_modules_next_dist_115brz8._.js:2431
[   41785ms] [WARNING] Image with src "https://precise-apricot-uv0yrjzron.edgeone.app/DSC04450-Enhanced-NR.png" is using quality "70" which is not configured in images.qualities [75]. Please update your config to [70, 75].
Read more: https://nextjs.org/docs/messages/next-image-unconfigured-qualities @ http://localhost:3000/_next/static/chunks/node_modules_next_dist_115brz8._.js:2431
[   41786ms] [WARNING] Image with src "https://simple-lavender-oofkk0bffl.edgeone.app/DSC04462-Enhanced-NR.png" is using quality "70" which is not configured in images.qualities [75]. Please update your config to [70, 75].
Read more: https://nextjs.org/docs/messages/next-image-unconfigured-qualities @ http://localhost:3000/_next/static/chunks/node_modules_next_dist_115brz8._.js:2431
