[    2335ms] [INFO] %cDownload the React DevTools for a better development experience: https://react.dev/link/react-devtools font-weight:bold @ http://localhost:5176/_next/static/chunks/node_modules_next_dist_115brz8._.js:2431
[    2463ms] [LOG] [HMR] connected @ http://localhost:5176/_next/static/chunks/node_modules_next_dist_115brz8._.js:2431
[    3852ms] [LOG] [HMR] connected @ http://localhost:5176/_next/static/chunks/node_modules_next_dist_115brz8._.js:2431
[    6743ms] [LOG] [Fast Refresh] rebuilding @ http://localhost:5176/_next/static/chunks/node_modules_next_dist_115brz8._.js:2431
[    6744ms] [LOG] [Fast Refresh] rebuilding @ http://localhost:5176/_next/static/chunks/node_modules_next_dist_115brz8._.js:2431
[    6767ms] [LOG] [Fast Refresh] done in 124ms @ http://localhost:5176/_next/static/chunks/node_modules_next_dist_115brz8._.js:2431
[    6768ms] [LOG] [Fast Refresh] done in 126ms @ http://localhost:5176/_next/static/chunks/node_modules_next_dist_115brz8._.js:2431
[    9390ms] [WARNING] The resource http://localhost:5176/_next/static/media/2a65768255d6b625-s.p.14by5b4al-y~f.woff2 was preloaded using link preload but not used within a few seconds from the window's load event. Please make sure it has an appropriate `as` value and it is preloaded intentionally. @ http://localhost:5176/?cmsEdit=1&v=0:0
[    9390ms] [WARNING] The resource http://localhost:5176/_next/static/media/83afe278b6a6bb3c-s.p.0q-301v4kxxnr.woff2 was preloaded using link preload but not used within a few seconds from the window's load event. Please make sure it has an appropriate `as` value and it is preloaded intentionally. @ http://localhost:5176/?cmsEdit=1&v=0:0
[    9426ms] [WARNING] The resource http://localhost:5176/_next/static/media/83afe278b6a6bb3c-s.p.0q-301v4kxxnr.woff2 was preloaded using link preload but not used within a few seconds from the window's load event. Please make sure it has an appropriate `as` value and it is preloaded intentionally. @ http://localhost:5176/admin/cms:0
[   14421ms] [LOG] [Fast Refresh] rebuilding @ http://localhost:5176/_next/static/chunks/node_modules_next_dist_115brz8._.js:2431
[   14421ms] [LOG] [Fast Refresh] rebuilding @ http://localhost:5176/_next/static/chunks/node_modules_next_dist_115brz8._.js:2431
[   14551ms] [LOG] [Fast Refresh] done in 232ms @ http://localhost:5176/_next/static/chunks/node_modules_next_dist_115brz8._.js:2431
[   14552ms] [LOG] [Fast Refresh] done in 232ms @ http://localhost:5176/_next/static/chunks/node_modules_next_dist_115brz8._.js:2431
[   15294ms] [LOG] [HMR] connected @ http://localhost:5176/_next/static/chunks/node_modules_next_dist_115brz8._.js:2431
[   19207ms] [WARNING] The resource http://localhost:5176/_next/static/media/2a65768255d6b625-s.p.14by5b4al-y~f.woff2 was preloaded using link preload but not used within a few seconds from the window's load event. Please make sure it has an appropriate `as` value and it is preloaded intentionally. @ http://localhost:5176/products/easel-backs?cmsEdit=1&v=0:0
[   19207ms] [WARNING] The resource http://localhost:5176/_next/static/media/83afe278b6a6bb3c-s.p.0q-301v4kxxnr.woff2 was preloaded using link preload but not used within a few seconds from the window's load event. Please make sure it has an appropriate `as` value and it is preloaded intentionally. @ http://localhost:5176/products/easel-backs?cmsEdit=1&v=0:0
[   19207ms] [WARNING] The resource http://localhost:5176/_next/static/media/83afe278b6a6bb3c-s.p.0q-301v4kxxnr.woff2 was preloaded using link preload but not used within a few seconds from the window's load event. Please make sure it has an appropriate `as` value and it is preloaded intentionally. @ http://localhost:5176/admin/cms:0
[   31063ms] [LOG] [Fast Refresh] rebuilding @ http://localhost:5176/_next/static/chunks/node_modules_next_dist_115brz8._.js:2431
[   31064ms] [LOG] [Fast Refresh] rebuilding @ http://localhost:5176/_next/static/chunks/node_modules_next_dist_115brz8._.js:2431
[   31171ms] [LOG] [Fast Refresh] done in 208ms @ http://localhost:5176/_next/static/chunks/node_modules_next_dist_115brz8._.js:2431
[   31172ms] [LOG] [Fast Refresh] done in 208ms @ http://localhost:5176/_next/static/chunks/node_modules_next_dist_115brz8._.js:2431
[   31747ms] [LOG] [HMR] connected @ http://localhost:5176/_next/static/chunks/node_modules_next_dist_115brz8._.js:2431
[   34863ms] [WARNING] The resource http://localhost:5176/_next/static/media/2a65768255d6b625-s.p.14by5b4al-y~f.woff2 was preloaded using link preload but not used within a few seconds from the window's load event. Please make sure it has an appropriate `as` value and it is preloaded intentionally. @ http://localhost:5176/products/matboards?cmsEdit=1&v=0:0
[   34863ms] [WARNING] The resource http://localhost:5176/_next/static/media/83afe278b6a6bb3c-s.p.0q-301v4kxxnr.woff2 was preloaded using link preload but not used within a few seconds from the window's load event. Please make sure it has an appropriate `as` value and it is preloaded intentionally. @ http://localhost:5176/products/matboards?cmsEdit=1&v=0:0
[   34863ms] [WARNING] The resource http://localhost:5176/_next/static/media/83afe278b6a6bb3c-s.p.0q-301v4kxxnr.woff2 was preloaded using link preload but not used within a few seconds from the window's load event. Please make sure it has an appropriate `as` value and it is preloaded intentionally. @ http://localhost:5176/admin/cms:0
[   45336ms] [WARNING] The resource http://localhost:5176/_next/static/media/83afe278b6a6bb3c-s.p.0q-301v4kxxnr.woff2 was preloaded using link preload but not used within a few seconds from the window's load event. Please make sure it has an appropriate `as` value and it is preloaded intentionally. @ http://localhost:5176/admin/cms:0
[   51503ms] [WARNING] The resource http://localhost:5176/_next/static/media/83afe278b6a6bb3c-s.p.0q-301v4kxxnr.woff2 was preloaded using link preload but not used within a few seconds from the window's load event. Please make sure it has an appropriate `as` value and it is preloaded intentionally. @ http://localhost:5176/admin/cms:0
[   83753ms] [ERROR] WebSocket connection to 'ws://localhost:5176/_next/webpack-hmr?id=STZLtAxrzZhFrv03lt0aB' failed:  @ http://localhost:5176/_next/static/chunks/node_modules_next_dist_client_0fhqo1d._.js:13299
[   83753ms] [ERROR] WebSocket connection to 'ws://localhost:5176/_next/webpack-hmr?id=0IyBYofMKTLUMcqcHwAuF' failed:  @ http://localhost:5176/_next/static/chunks/node_modules_next_dist_client_0fhqo1d._.js:13299
[   84758ms] [ERROR] WebSocket connection to 'ws://localhost:5176/_next/webpack-hmr?id=STZLtAxrzZhFrv03lt0aB' failed: Error in connection establishment: net::ERR_CONNECTION_REFUSED @ http://localhost:5176/_next/static/chunks/node_modules_next_dist_client_0fhqo1d._.js:13299
[   84772ms] [ERROR] WebSocket connection to 'ws://localhost:5176/_next/webpack-hmr?id=0IyBYofMKTLUMcqcHwAuF' failed: Error in connection establishment: net::ERR_CONNECTION_REFUSED @ http://localhost:5176/_next/static/chunks/node_modules_next_dist_client_0fhqo1d._.js:13299
[   85762ms] [ERROR] WebSocket connection to 'ws://localhost:5176/_next/webpack-hmr?id=STZLtAxrzZhFrv03lt0aB' failed: Error in connection establishment: net::ERR_CONNECTION_REFUSED @ http://localhost:5176/_next/static/chunks/node_modules_next_dist_client_0fhqo1d._.js:13299
[   85777ms] [ERROR] WebSocket connection to 'ws://localhost:5176/_next/webpack-hmr?id=0IyBYofMKTLUMcqcHwAuF' failed: Error in connection establishment: net::ERR_CONNECTION_REFUSED @ http://localhost:5176/_next/static/chunks/node_modules_next_dist_client_0fhqo1d._.js:13299
[   86770ms] [ERROR] WebSocket connection to 'ws://localhost:5176/_next/webpack-hmr?id=STZLtAxrzZhFrv03lt0aB' failed: Error in connection establishment: net::ERR_CONNECTION_REFUSED @ http://localhost:5176/_next/static/chunks/node_modules_next_dist_client_0fhqo1d._.js:13299
[   86785ms] [ERROR] WebSocket connection to 'ws://localhost:5176/_next/webpack-hmr?id=0IyBYofMKTLUMcqcHwAuF' failed: Error in connection establishment: net::ERR_CONNECTION_REFUSED @ http://localhost:5176/_next/static/chunks/node_modules_next_dist_client_0fhqo1d._.js:13299
[   87776ms] [ERROR] WebSocket connection to 'ws://localhost:5176/_next/webpack-hmr?id=STZLtAxrzZhFrv03lt0aB' failed: Error in connection establishment: net::ERR_CONNECTION_REFUSED @ http://localhost:5176/_next/static/chunks/node_modules_next_dist_client_0fhqo1d._.js:13299
[   87810ms] [ERROR] WebSocket connection to 'ws://localhost:5176/_next/webpack-hmr?id=0IyBYofMKTLUMcqcHwAuF' failed: Error in connection establishment: net::ERR_CONNECTION_REFUSED @ http://localhost:5176/_next/static/chunks/node_modules_next_dist_client_0fhqo1d._.js:13299
[   88814ms] [ERROR] WebSocket connection to 'ws://localhost:5176/_next/webpack-hmr?id=STZLtAxrzZhFrv03lt0aB' failed: Error in connection establishment: net::ERR_CONNECTION_REFUSED @ http://localhost:5176/_next/static/chunks/node_modules_next_dist_client_0fhqo1d._.js:13299
[   88855ms] [ERROR] WebSocket connection to 'ws://localhost:5176/_next/webpack-hmr?id=0IyBYofMKTLUMcqcHwAuF' failed: Error in connection establishment: net::ERR_CONNECTION_REFUSED @ http://localhost:5176/_next/static/chunks/node_modules_next_dist_client_0fhqo1d._.js:13299
[   91850ms] [ERROR] Failed to load resource: net::ERR_CONNECTION_REFUSED @ http://localhost:5176/api/analytics/track:0
[   92624ms] [ERROR] Failed to load resource: net::ERR_CONNECTION_REFUSED @ http://localhost:5176/api/analytics/track:0
[   93980ms] [ERROR] WebSocket connection to 'ws://localhost:5176/_next/webpack-hmr?id=STZLtAxrzZhFrv03lt0aB' failed: Error in connection establishment: net::ERR_CONNECTION_REFUSED @ http://localhost:5176/_next/static/chunks/node_modules_next_dist_client_0fhqo1d._.js:13299
[   93992ms] [ERROR] WebSocket connection to 'ws://localhost:5176/_next/webpack-hmr?id=0IyBYofMKTLUMcqcHwAuF' failed: Error in connection establishment: net::ERR_CONNECTION_REFUSED @ http://localhost:5176/_next/static/chunks/node_modules_next_dist_client_0fhqo1d._.js:13299
[   94852ms] [WARNING] The resource http://localhost:5176/_next/static/media/2a65768255d6b625-s.p.14by5b4al-y~f.woff2 was preloaded using link preload but not used within a few seconds from the window's load event. Please make sure it has an appropriate `as` value and it is preloaded intentionally. @ http://localhost:5176/products/matboards?cmsEdit=1&v=0:0
[   94852ms] [WARNING] The resource http://localhost:5176/_next/static/media/83afe278b6a6bb3c-s.p.0q-301v4kxxnr.woff2 was preloaded using link preload but not used within a few seconds from the window's load event. Please make sure it has an appropriate `as` value and it is preloaded intentionally. @ http://localhost:5176/products/matboards?cmsEdit=1&v=0:0
[   95625ms] [WARNING] The resource http://localhost:5176/_next/static/media/83afe278b6a6bb3c-s.p.0q-301v4kxxnr.woff2 was preloaded using link preload but not used within a few seconds from the window's load event. Please make sure it has an appropriate `as` value and it is preloaded intentionally. @ http://localhost:5176/admin/cms:0
[   99212ms] [ERROR] WebSocket connection to 'ws://localhost:5176/_next/webpack-hmr?id=STZLtAxrzZhFrv03lt0aB' failed: Error in connection establishment: net::ERR_CONNECTION_REFUSED @ http://localhost:5176/_next/static/chunks/node_modules_next_dist_client_0fhqo1d._.js:13299
[   99762ms] [ERROR] WebSocket connection to 'ws://localhost:5176/_next/webpack-hmr?id=0IyBYofMKTLUMcqcHwAuF' failed: Error in connection establishment: net::ERR_CONNECTION_REFUSED @ http://localhost:5176/_next/static/chunks/node_modules_next_dist_client_0fhqo1d._.js:13299
[  104867ms] [ERROR] WebSocket connection to 'ws://localhost:5176/_next/webpack-hmr?id=STZLtAxrzZhFrv03lt0aB' failed: Error in connection establishment: net::ERR_CONNECTION_REFUSED @ http://localhost:5176/_next/static/chunks/node_modules_next_dist_client_0fhqo1d._.js:13299
[  106596ms] [ERROR] WebSocket connection to 'ws://localhost:5176/_next/webpack-hmr?id=0IyBYofMKTLUMcqcHwAuF' failed: Error in connection establishment: net::ERR_CONNECTION_REFUSED @ http://localhost:5176/_next/static/chunks/node_modules_next_dist_client_0fhqo1d._.js:13299
[  106850ms] [ERROR] Failed to load resource: net::ERR_CONNECTION_REFUSED @ http://localhost:5176/api/analytics/track:0
[  107624ms] [ERROR] Failed to load resource: net::ERR_CONNECTION_REFUSED @ http://localhost:5176/api/analytics/track:0
[  109851ms] [WARNING] The resource http://localhost:5176/_next/static/media/2a65768255d6b625-s.p.14by5b4al-y~f.woff2 was preloaded using link preload but not used within a few seconds from the window's load event. Please make sure it has an appropriate `as` value and it is preloaded intentionally. @ http://localhost:5176/products/matboards?cmsEdit=1&v=0:0
[  109852ms] [WARNING] The resource http://localhost:5176/_next/static/media/83afe278b6a6bb3c-s.p.0q-301v4kxxnr.woff2 was preloaded using link preload but not used within a few seconds from the window's load event. Please make sure it has an appropriate `as` value and it is preloaded intentionally. @ http://localhost:5176/products/matboards?cmsEdit=1&v=0:0
[  110625ms] [WARNING] The resource http://localhost:5176/_next/static/media/83afe278b6a6bb3c-s.p.0q-301v4kxxnr.woff2 was preloaded using link preload but not used within a few seconds from the window's load event. Please make sure it has an appropriate `as` value and it is preloaded intentionally. @ http://localhost:5176/admin/cms:0
[  113670ms] [ERROR] WebSocket connection to 'ws://localhost:5176/_next/webpack-hmr?id=0IyBYofMKTLUMcqcHwAuF' failed: Error in connection establishment: net::ERR_CONNECTION_REFUSED @ http://localhost:5176/_next/static/chunks/node_modules_next_dist_client_0fhqo1d._.js:13299
[  113842ms] [ERROR] WebSocket connection to 'ws://localhost:5176/_next/webpack-hmr?id=STZLtAxrzZhFrv03lt0aB' failed: Error in connection establishment: net::ERR_CONNECTION_REFUSED @ http://localhost:5176/_next/static/chunks/node_modules_next_dist_client_0fhqo1d._.js:13299
[  121555ms] [ERROR] WebSocket connection to 'ws://localhost:5176/_next/webpack-hmr?id=STZLtAxrzZhFrv03lt0aB' failed: Error in connection establishment: net::ERR_CONNECTION_REFUSED @ http://localhost:5176/_next/static/chunks/node_modules_next_dist_client_0fhqo1d._.js:13299
[  121848ms] [ERROR] Failed to load resource: net::ERR_CONNECTION_REFUSED @ http://localhost:5176/api/analytics/track:0
[  122626ms] [ERROR] Failed to load resource: net::ERR_CONNECTION_REFUSED @ http://localhost:5176/api/analytics/track:0
[  123105ms] [ERROR] WebSocket connection to 'ws://localhost:5176/_next/webpack-hmr?id=0IyBYofMKTLUMcqcHwAuF' failed: Error in connection establishment: net::ERR_CONNECTION_REFUSED @ http://localhost:5176/_next/static/chunks/node_modules_next_dist_client_0fhqo1d._.js:13299
[  124850ms] [WARNING] The resource http://localhost:5176/_next/static/media/2a65768255d6b625-s.p.14by5b4al-y~f.woff2 was preloaded using link preload but not used within a few seconds from the window's load event. Please make sure it has an appropriate `as` value and it is preloaded intentionally. @ http://localhost:5176/products/matboards?cmsEdit=1&v=0:0
[  124850ms] [WARNING] The resource http://localhost:5176/_next/static/media/83afe278b6a6bb3c-s.p.0q-301v4kxxnr.woff2 was preloaded using link preload but not used within a few seconds from the window's load event. Please make sure it has an appropriate `as` value and it is preloaded intentionally. @ http://localhost:5176/products/matboards?cmsEdit=1&v=0:0
[  125627ms] [WARNING] The resource http://localhost:5176/_next/static/media/83afe278b6a6bb3c-s.p.0q-301v4kxxnr.woff2 was preloaded using link preload but not used within a few seconds from the window's load event. Please make sure it has an appropriate `as` value and it is preloaded intentionally. @ http://localhost:5176/admin/cms:0
[  128018ms] [ERROR] WebSocket connection to 'ws://localhost:5176/_next/webpack-hmr?id=STZLtAxrzZhFrv03lt0aB' failed: Error in connection establishment: net::ERR_CONNECTION_REFUSED @ http://localhost:5176/_next/static/chunks/node_modules_next_dist_client_0fhqo1d._.js:13299
[  131739ms] [ERROR] WebSocket connection to 'ws://localhost:5176/_next/webpack-hmr?id=0IyBYofMKTLUMcqcHwAuF' failed: Error in connection establishment: net::ERR_CONNECTION_REFUSED @ http://localhost:5176/_next/static/chunks/node_modules_next_dist_client_0fhqo1d._.js:13299
[  136799ms] [ERROR] WebSocket connection to 'ws://localhost:5176/_next/webpack-hmr?id=STZLtAxrzZhFrv03lt0aB' failed: Error in connection establishment: net::ERR_CONNECTION_REFUSED @ http://localhost:5176/_next/static/chunks/node_modules_next_dist_client_0fhqo1d._.js:13299
[  136803ms] [ERROR] Failed to load resource: net::ERR_CONNECTION_REFUSED @ http://localhost:5176/api/analytics/track:0
[  137625ms] [ERROR] Failed to load resource: net::ERR_CONNECTION_REFUSED @ http://localhost:5176/api/analytics/track:0
[  140255ms] [ERROR] WebSocket connection to 'ws://localhost:5176/_next/webpack-hmr?id=0IyBYofMKTLUMcqcHwAuF' failed: Error in connection establishment: net::ERR_CONNECTION_REFUSED @ http://localhost:5176/_next/static/chunks/node_modules_next_dist_client_0fhqo1d._.js:13299
[  140261ms] [ERROR] Failed to load resource: net::ERR_CONNECTION_REFUSED @ http://localhost:5176/api/analytics/track:0
[33667840ms] [INFO] %cDownload the React DevTools for a better development experience: https://react.dev/link/react-devtools font-weight:bold @ http://localhost:3001/_next/static/chunks/node_modules_next_dist_115brz8._.js:2431
[33667941ms] [LOG] [HMR] connected @ http://localhost:3001/_next/static/chunks/node_modules_next_dist_115brz8._.js:2431
[33669078ms] [LOG] [Fast Refresh] rebuilding @ http://localhost:3001/_next/static/chunks/node_modules_next_dist_115brz8._.js:2431
[33669082ms] [LOG] [Fast Refresh] done in 104ms @ http://localhost:3001/_next/static/chunks/node_modules_next_dist_115brz8._.js:2431
[33669191ms] [LOG] [Fast Refresh] rebuilding @ http://localhost:3001/_next/static/chunks/node_modules_next_dist_115brz8._.js:2431
[33669310ms] [LOG] [Fast Refresh] done in 220ms @ http://localhost:3001/_next/static/chunks/node_modules_next_dist_115brz8._.js:2431
[33669926ms] [INFO] %cDownload the React DevTools for a better development experience: https://react.dev/link/react-devtools font-weight:bold @ http://localhost:3001/_next/static/chunks/node_modules_next_dist_115brz8._.js:2431
[33669944ms] [LOG] [HMR] connected @ http://localhost:3001/_next/static/chunks/node_modules_next_dist_115brz8._.js:2431
[33672981ms] [WARNING] The resource http://localhost:3001/_next/static/media/2a65768255d6b625-s.p.14by5b4al-y~f.woff2 was preloaded using link preload but not used within a few seconds from the window's load event. Please make sure it has an appropriate `as` value and it is preloaded intentionally. @ http://localhost:3001/admin:0
[33672981ms] [WARNING] The resource http://localhost:3001/_next/static/media/83afe278b6a6bb3c-s.p.0q-301v4kxxnr.woff2 was preloaded using link preload but not used within a few seconds from the window's load event. Please make sure it has an appropriate `as` value and it is preloaded intentionally. @ http://localhost:3001/admin:0
[33674352ms] [LOG] [Fast Refresh] rebuilding @ http://localhost:3001/_next/static/chunks/node_modules_next_dist_115brz8._.js:2431
[33674460ms] [LOG] [Fast Refresh] done in 208ms @ http://localhost:3001/_next/static/chunks/node_modules_next_dist_115brz8._.js:2431
[33676555ms] [LOG] [HMR] connected @ http://localhost:3001/_next/static/chunks/node_modules_next_dist_115brz8._.js:2431
[33679898ms] [WARNING] The resource http://localhost:3001/_next/static/media/2a65768255d6b625-s.p.14by5b4al-y~f.woff2 was preloaded using link preload but not used within a few seconds from the window's load event. Please make sure it has an appropriate `as` value and it is preloaded intentionally. @ http://localhost:3001/?cmsEdit=1&v=0:0
[33679898ms] [WARNING] The resource http://localhost:3001/_next/static/media/83afe278b6a6bb3c-s.p.0q-301v4kxxnr.woff2 was preloaded using link preload but not used within a few seconds from the window's load event. Please make sure it has an appropriate `as` value and it is preloaded intentionally. @ http://localhost:3001/?cmsEdit=1&v=0:0
[33679898ms] [WARNING] The resource http://localhost:3001/_next/static/media/2a65768255d6b625-s.p.14by5b4al-y~f.woff2 was preloaded using link preload but not used within a few seconds from the window's load event. Please make sure it has an appropriate `as` value and it is preloaded intentionally. @ http://localhost:3001/admin/cms:0
[33679898ms] [WARNING] The resource http://localhost:3001/_next/static/media/83afe278b6a6bb3c-s.p.0q-301v4kxxnr.woff2 was preloaded using link preload but not used within a few seconds from the window's load event. Please make sure it has an appropriate `as` value and it is preloaded intentionally. @ http://localhost:3001/admin/cms:0
[33680546ms] [LOG] [Fast Refresh] rebuilding @ http://localhost:3001/_next/static/chunks/node_modules_next_dist_115brz8._.js:2431
[33680546ms] [LOG] [Fast Refresh] rebuilding @ http://localhost:3001/_next/static/chunks/node_modules_next_dist_115brz8._.js:2431
[33680645ms] [LOG] [Fast Refresh] done in 201ms @ http://localhost:3001/_next/static/chunks/node_modules_next_dist_115brz8._.js:2431
[33680646ms] [LOG] [Fast Refresh] done in 201ms @ http://localhost:3001/_next/static/chunks/node_modules_next_dist_115brz8._.js:2431
[33681206ms] [LOG] [HMR] connected @ http://localhost:3001/_next/static/chunks/node_modules_next_dist_115brz8._.js:2431
[33684693ms] [WARNING] The resource http://localhost:3001/_next/static/media/2a65768255d6b625-s.p.14by5b4al-y~f.woff2 was preloaded using link preload but not used within a few seconds from the window's load event. Please make sure it has an appropriate `as` value and it is preloaded intentionally. @ http://localhost:3001/products/matboards?cmsEdit=1&v=0:0
[33684693ms] [WARNING] The resource http://localhost:3001/_next/static/media/83afe278b6a6bb3c-s.p.0q-301v4kxxnr.woff2 was preloaded using link preload but not used within a few seconds from the window's load event. Please make sure it has an appropriate `as` value and it is preloaded intentionally. @ http://localhost:3001/products/matboards?cmsEdit=1&v=0:0
[33684693ms] [WARNING] The resource http://localhost:3001/_next/static/media/2a65768255d6b625-s.p.14by5b4al-y~f.woff2 was preloaded using link preload but not used within a few seconds from the window's load event. Please make sure it has an appropriate `as` value and it is preloaded intentionally. @ http://localhost:3001/admin/cms:0
[33684693ms] [WARNING] The resource http://localhost:3001/_next/static/media/83afe278b6a6bb3c-s.p.0q-301v4kxxnr.woff2 was preloaded using link preload but not used within a few seconds from the window's load event. Please make sure it has an appropriate `as` value and it is preloaded intentionally. @ http://localhost:3001/admin/cms:0
[33698385ms] [WARNING] The resource http://localhost:3001/_next/static/media/2a65768255d6b625-s.p.14by5b4al-y~f.woff2 was preloaded using link preload but not used within a few seconds from the window's load event. Please make sure it has an appropriate `as` value and it is preloaded intentionally. @ http://localhost:3001/admin/cms:0
[33698385ms] [WARNING] The resource http://localhost:3001/_next/static/media/83afe278b6a6bb3c-s.p.0q-301v4kxxnr.woff2 was preloaded using link preload but not used within a few seconds from the window's load event. Please make sure it has an appropriate `as` value and it is preloaded intentionally. @ http://localhost:3001/admin/cms:0
[33702218ms] [WARNING] The resource http://localhost:3001/_next/static/media/2a65768255d6b625-s.p.14by5b4al-y~f.woff2 was preloaded using link preload but not used within a few seconds from the window's load event. Please make sure it has an appropriate `as` value and it is preloaded intentionally. @ http://localhost:3001/admin/cms:0
[33702218ms] [WARNING] The resource http://localhost:3001/_next/static/media/83afe278b6a6bb3c-s.p.0q-301v4kxxnr.woff2 was preloaded using link preload but not used within a few seconds from the window's load event. Please make sure it has an appropriate `as` value and it is preloaded intentionally. @ http://localhost:3001/admin/cms:0
[33722348ms] [WARNING] The resource http://localhost:3001/_next/static/media/2a65768255d6b625-s.p.14by5b4al-y~f.woff2 was preloaded using link preload but not used within a few seconds from the window's load event. Please make sure it has an appropriate `as` value and it is preloaded intentionally. @ http://localhost:3001/admin/cms:0
[33722348ms] [WARNING] The resource http://localhost:3001/_next/static/media/83afe278b6a6bb3c-s.p.0q-301v4kxxnr.woff2 was preloaded using link preload but not used within a few seconds from the window's load event. Please make sure it has an appropriate `as` value and it is preloaded intentionally. @ http://localhost:3001/admin/cms:0
[33769372ms] [LOG] [Fast Refresh] rebuilding @ http://localhost:3001/_next/static/chunks/node_modules_next_dist_115brz8._.js:2431
[33769477ms] [LOG] [Fast Refresh] done in 206ms @ http://localhost:3001/_next/static/chunks/node_modules_next_dist_115brz8._.js:2431
[33770017ms] [LOG] [HMR] connected @ http://localhost:3001/_next/static/chunks/node_modules_next_dist_115brz8._.js:2431
[33774793ms] [WARNING] The resource http://localhost:3001/_next/static/media/2a65768255d6b625-s.p.14by5b4al-y~f.woff2 was preloaded using link preload but not used within a few seconds from the window's load event. Please make sure it has an appropriate `as` value and it is preloaded intentionally. @ http://localhost:3001/?cmsEdit=1&v=0:0
[33774793ms] [WARNING] The resource http://localhost:3001/_next/static/media/83afe278b6a6bb3c-s.p.0q-301v4kxxnr.woff2 was preloaded using link preload but not used within a few seconds from the window's load event. Please make sure it has an appropriate `as` value and it is preloaded intentionally. @ http://localhost:3001/?cmsEdit=1&v=0:0
[33774794ms] [WARNING] The resource http://localhost:3001/_next/static/media/2a65768255d6b625-s.p.14by5b4al-y~f.woff2 was preloaded using link preload but not used within a few seconds from the window's load event. Please make sure it has an appropriate `as` value and it is preloaded intentionally. @ http://localhost:3001/admin/cms:0
[33774794ms] [WARNING] The resource http://localhost:3001/_next/static/media/83afe278b6a6bb3c-s.p.0q-301v4kxxnr.woff2 was preloaded using link preload but not used within a few seconds from the window's load event. Please make sure it has an appropriate `as` value and it is preloaded intentionally. @ http://localhost:3001/admin/cms:0
[33816275ms] [LOG] [Fast Refresh] rebuilding @ http://localhost:3001/_next/static/chunks/node_modules_next_dist_115brz8._.js:2431
[33816275ms] [LOG] [Fast Refresh] rebuilding @ http://localhost:3001/_next/static/chunks/node_modules_next_dist_115brz8._.js:2431
[33816416ms] [LOG] [Fast Refresh] done in 242ms @ http://localhost:3001/_next/static/chunks/node_modules_next_dist_115brz8._.js:2431
[33816417ms] [LOG] [Fast Refresh] done in 243ms @ http://localhost:3001/_next/static/chunks/node_modules_next_dist_115brz8._.js:2431
[33817383ms] [LOG] [HMR] connected @ http://localhost:3001/_next/static/chunks/node_modules_next_dist_115brz8._.js:2431
[33821515ms] [WARNING] The resource http://localhost:3001/_next/static/media/2a65768255d6b625-s.p.14by5b4al-y~f.woff2 was preloaded using link preload but not used within a few seconds from the window's load event. Please make sure it has an appropriate `as` value and it is preloaded intentionally. @ http://localhost:3001/products/easel-backs?cmsEdit=1&v=0:0
[33821515ms] [WARNING] The resource http://localhost:3001/_next/static/media/83afe278b6a6bb3c-s.p.0q-301v4kxxnr.woff2 was preloaded using link preload but not used within a few seconds from the window's load event. Please make sure it has an appropriate `as` value and it is preloaded intentionally. @ http://localhost:3001/products/easel-backs?cmsEdit=1&v=0:0
[33821517ms] [WARNING] The resource http://localhost:3001/_next/static/media/2a65768255d6b625-s.p.14by5b4al-y~f.woff2 was preloaded using link preload but not used within a few seconds from the window's load event. Please make sure it has an appropriate `as` value and it is preloaded intentionally. @ http://localhost:3001/admin/cms:0
[33821517ms] [WARNING] The resource http://localhost:3001/_next/static/media/83afe278b6a6bb3c-s.p.0q-301v4kxxnr.woff2 was preloaded using link preload but not used within a few seconds from the window's load event. Please make sure it has an appropriate `as` value and it is preloaded intentionally. @ http://localhost:3001/admin/cms:0
[33836749ms] [WARNING] The resource http://localhost:3001/_next/static/media/2a65768255d6b625-s.p.14by5b4al-y~f.woff2 was preloaded using link preload but not used within a few seconds from the window's load event. Please make sure it has an appropriate `as` value and it is preloaded intentionally. @ http://localhost:3001/admin/cms:0
[33836749ms] [WARNING] The resource http://localhost:3001/_next/static/media/83afe278b6a6bb3c-s.p.0q-301v4kxxnr.woff2 was preloaded using link preload but not used within a few seconds from the window's load event. Please make sure it has an appropriate `as` value and it is preloaded intentionally. @ http://localhost:3001/admin/cms:0
[33845244ms] [WARNING] The resource http://localhost:3001/_next/static/media/2a65768255d6b625-s.p.14by5b4al-y~f.woff2 was preloaded using link preload but not used within a few seconds from the window's load event. Please make sure it has an appropriate `as` value and it is preloaded intentionally. @ http://localhost:3001/admin/cms:0
[33845245ms] [WARNING] The resource http://localhost:3001/_next/static/media/83afe278b6a6bb3c-s.p.0q-301v4kxxnr.woff2 was preloaded using link preload but not used within a few seconds from the window's load event. Please make sure it has an appropriate `as` value and it is preloaded intentionally. @ http://localhost:3001/admin/cms:0
[33858322ms] [LOG] [Fast Refresh] rebuilding @ http://localhost:3001/_next/static/chunks/node_modules_next_dist_115brz8._.js:2431
[33858322ms] [LOG] [Fast Refresh] rebuilding @ http://localhost:3001/_next/static/chunks/node_modules_next_dist_115brz8._.js:2431
[33858413ms] [LOG] [Fast Refresh] done in 193ms @ http://localhost:3001/_next/static/chunks/node_modules_next_dist_115brz8._.js:2431
[33858413ms] [LOG] [Fast Refresh] done in 192ms @ http://localhost:3001/_next/static/chunks/node_modules_next_dist_115brz8._.js:2431
[33859357ms] [LOG] [HMR] connected @ http://localhost:3001/_next/static/chunks/node_modules_next_dist_115brz8._.js:2431
[33862573ms] [WARNING] The resource http://localhost:3001/_next/static/media/2a65768255d6b625-s.p.14by5b4al-y~f.woff2 was preloaded using link preload but not used within a few seconds from the window's load event. Please make sure it has an appropriate `as` value and it is preloaded intentionally. @ http://localhost:3001/products/matboards?cmsEdit=1&v=0:0
[33862573ms] [WARNING] The resource http://localhost:3001/_next/static/media/83afe278b6a6bb3c-s.p.0q-301v4kxxnr.woff2 was preloaded using link preload but not used within a few seconds from the window's load event. Please make sure it has an appropriate `as` value and it is preloaded intentionally. @ http://localhost:3001/products/matboards?cmsEdit=1&v=0:0
[33862573ms] [WARNING] The resource http://localhost:3001/_next/static/media/2a65768255d6b625-s.p.14by5b4al-y~f.woff2 was preloaded using link preload but not used within a few seconds from the window's load event. Please make sure it has an appropriate `as` value and it is preloaded intentionally. @ http://localhost:3001/admin/cms:0
[33862573ms] [WARNING] The resource http://localhost:3001/_next/static/media/83afe278b6a6bb3c-s.p.0q-301v4kxxnr.woff2 was preloaded using link preload but not used within a few seconds from the window's load event. Please make sure it has an appropriate `as` value and it is preloaded intentionally. @ http://localhost:3001/admin/cms:0
[33882115ms] [WARNING] The resource http://localhost:3001/_next/static/media/2a65768255d6b625-s.p.14by5b4al-y~f.woff2 was preloaded using link preload but not used within a few seconds from the window's load event. Please make sure it has an appropriate `as` value and it is preloaded intentionally. @ http://localhost:3001/admin/cms:0
[33882115ms] [WARNING] The resource http://localhost:3001/_next/static/media/83afe278b6a6bb3c-s.p.0q-301v4kxxnr.woff2 was preloaded using link preload but not used within a few seconds from the window's load event. Please make sure it has an appropriate `as` value and it is preloaded intentionally. @ http://localhost:3001/admin/cms:0
[33964356ms] [ERROR] WebSocket connection to 'ws://localhost:3001/_next/webpack-hmr?id=uHsUB-AP92vEh8K42QVgu' failed: Error in connection establishment: net::ERR_CONNECTION_REFUSED @ http://localhost:3001/_next/static/chunks/node_modules_next_dist_client_0fhqo1d._.js:13299
[33964368ms] [ERROR] WebSocket connection to 'ws://localhost:3001/_next/webpack-hmr?id=fCfPVZBze7zowtNFsd2f7' failed: Error in connection establishment: net::ERR_CONNECTION_REFUSED @ http://localhost:3001/_next/static/chunks/node_modules_next_dist_client_0fhqo1d._.js:13299
[33964574ms] [ERROR] Failed to load resource: net::ERR_CONNECTION_REFUSED @ http://localhost:3001/api/analytics/track:0
[33965359ms] [ERROR] WebSocket connection to 'ws://localhost:3001/_next/webpack-hmr?id=uHsUB-AP92vEh8K42QVgu' failed: Error in connection establishment: net::ERR_CONNECTION_REFUSED @ http://localhost:3001/_next/static/chunks/node_modules_next_dist_client_0fhqo1d._.js:13299
[33965371ms] [ERROR] WebSocket connection to 'ws://localhost:3001/_next/webpack-hmr?id=fCfPVZBze7zowtNFsd2f7' failed: Error in connection establishment: net::ERR_CONNECTION_REFUSED @ http://localhost:3001/_next/static/chunks/node_modules_next_dist_client_0fhqo1d._.js:13299
[33966362ms] [ERROR] WebSocket connection to 'ws://localhost:3001/_next/webpack-hmr?id=uHsUB-AP92vEh8K42QVgu' failed: Error in connection establishment: net::ERR_CONNECTION_REFUSED @ http://localhost:3001/_next/static/chunks/node_modules_next_dist_client_0fhqo1d._.js:13299
[33966374ms] [ERROR] WebSocket connection to 'ws://localhost:3001/_next/webpack-hmr?id=fCfPVZBze7zowtNFsd2f7' failed: Error in connection establishment: net::ERR_CONNECTION_REFUSED @ http://localhost:3001/_next/static/chunks/node_modules_next_dist_client_0fhqo1d._.js:13299
