[     114ms] [LOG] [Fast Refresh] rebuilding @ http://localhost:3000/_next/static/chunks/node_modules_next_dist_115brz8._.js:2431
[     218ms] [LOG] [Fast Refresh] done in 206ms @ http://localhost:3000/_next/static/chunks/node_modules_next_dist_115brz8._.js:2431
[     915ms] [INFO] %cDownload the React DevTools for a better development experience: https://react.dev/link/react-devtools font-weight:bold @ http://localhost:3000/_next/static/chunks/node_modules_next_dist_115brz8._.js:2431
[     940ms] [LOG] [HMR] connected @ http://localhost:3000/_next/static/chunks/node_modules_next_dist_115brz8._.js:2431
[    1137ms] [WARNING] Image with src "https://minimum-amber-a4qmprk7vs.edgeone.app/DSC04395.png" is using quality "70" which is not configured in images.qualities [75]. Please update your config to [70, 75].
Read more: https://nextjs.org/docs/messages/next-image-unconfigured-qualities @ http://localhost:3000/_next/static/chunks/node_modules_next_dist_115brz8._.js:2431
[    1145ms] [WARNING] Image with src "https://fantastic-chocolate-zf9kjl0vke.edgeone.app/DSC04373.png" is using quality "70" which is not configured in images.qualities [75]. Please update your config to [70, 75].
Read more: https://nextjs.org/docs/messages/next-image-unconfigured-qualities @ http://localhost:3000/_next/static/chunks/node_modules_next_dist_115brz8._.js:2431
[    1146ms] [WARNING] Image with src "https://agreed-azure-zjezxiows0.edgeone.app/DSC04411-Enhanced-NR.png" is using quality "70" which is not configured in images.qualities [75]. Please update your config to [70, 75].
Read more: https://nextjs.org/docs/messages/next-image-unconfigured-qualities @ http://localhost:3000/_next/static/chunks/node_modules_next_dist_115brz8._.js:2431
[    1148ms] [WARNING] Image with src "https://ugliest-lavender-csj1iqaayz.edgeone.app/DSC04404-2-Enhanced-NR.png" is using quality "70" which is not configured in images.qualities [75]. Please update your config to [70, 75].
Read more: https://nextjs.org/docs/messages/next-image-unconfigured-qualities @ http://localhost:3000/_next/static/chunks/node_modules_next_dist_115brz8._.js:2431
[    1154ms] [WARNING] Image with src "https://absolute-moccasin-prou3nhs4n.edgeone.app/DSC04456-Enhanced-NR.png" is using quality "70" which is not configured in images.qualities [75]. Please update your config to [70, 75].
Read more: https://nextjs.org/docs/messages/next-image-unconfigured-qualities @ http://localhost:3000/_next/static/chunks/node_modules_next_dist_115brz8._.js:2431
[    1158ms] [WARNING] Image with src "https://zygotic-turquoise-ytseh49sgl.edgeone.app/DSC04379.png" is using quality "70" which is not configured in images.qualities [75]. Please update your config to [70, 75].
Read more: https://nextjs.org/docs/messages/next-image-unconfigured-qualities @ http://localhost:3000/_next/static/chunks/node_modules_next_dist_115brz8._.js:2431
[    1161ms] [WARNING] Image with src "https://rapid-purple-slfeijomv1.edgeone.app/DSC04401.png" is using quality "70" which is not configured in images.qualities [75]. Please update your config to [70, 75].
Read more: https://nextjs.org/docs/messages/next-image-unconfigured-qualities @ http://localhost:3000/_next/static/chunks/node_modules_next_dist_115brz8._.js:2431
[    1164ms] [WARNING] Image with src "https://variable-indigo-1iauojgzig.edgeone.app/DSC04387.png" is using quality "70" which is not configured in images.qualities [75]. Please update your config to [70, 75].
Read more: https://nextjs.org/docs/messages/next-image-unconfigured-qualities @ http://localhost:3000/_next/static/chunks/node_modules_next_dist_115brz8._.js:2431
[    1168ms] [WARNING] Image with src "https://super-sapphire-76vas0mvon.edgeone.app/DSC04439-Enhanced-NR.png" is using quality "70" which is not configured in images.qualities [75]. Please update your config to [70, 75].
Read more: https://nextjs.org/docs/messages/next-image-unconfigured-qualities @ http://localhost:3000/_next/static/chunks/node_modules_next_dist_115brz8._.js:2431
[    1171ms] [WARNING] Image with src "https://everyday-lavender-afdj1v0ws7.edgeone.app/DSC04430-Enhanced-NR.png" is using quality "70" which is not configured in images.qualities [75]. Please update your config to [70, 75].
Read more: https://nextjs.org/docs/messages/next-image-unconfigured-qualities @ http://localhost:3000/_next/static/chunks/node_modules_next_dist_115brz8._.js:2431
[    1174ms] [WARNING] Image with src "https://precise-apricot-uv0yrjzron.edgeone.app/DSC04450-Enhanced-NR.png" is using quality "70" which is not configured in images.qualities [75]. Please update your config to [70, 75].
Read more: https://nextjs.org/docs/messages/next-image-unconfigured-qualities @ http://localhost:3000/_next/static/chunks/node_modules_next_dist_115brz8._.js:2431
[    1176ms] [WARNING] Image with src "https://simple-lavender-oofkk0bffl.edgeone.app/DSC04462-Enhanced-NR.png" is using quality "70" which is not configured in images.qualities [75]. Please update your config to [70, 75].
Read more: https://nextjs.org/docs/messages/next-image-unconfigured-qualities @ http://localhost:3000/_next/static/chunks/node_modules_next_dist_115brz8._.js:2431
