[     614ms] [INFO] %cDownload the React DevTools for a better development experience: https://react.dev/link/react-devtools font-weight:bold @ http://localhost:3000/_next/static/chunks/node_modules_next_dist_115brz8._.js:2431
[     641ms] [LOG] [HMR] connected @ http://localhost:3000/_next/static/chunks/node_modules_next_dist_115brz8._.js:2431
[    1193ms] [ERROR] The Content Security Policy directive 'upgrade-insecure-requests' is ignored when delivered in a report-only policy. @ https://play.gumlet.io/embed/69ec631551e0355695caeb14?autoplay=true&loop=true&background=true&muted=true&preload=true&disable_logo=true:0
[    1193ms] [ERROR] The Content Security Policy directive 'upgrade-insecure-requests' is ignored when delivered in a report-only policy. @ https://play.gumlet.io/embed/69ec631551e0355695caeb14?autoplay=true&loop=true&background=true&muted=true&preload=true&disable_logo=true:0
[    1207ms] [ERROR] The Content Security Policy directive 'upgrade-insecure-requests' is ignored when delivered in a report-only policy. @ https://play.gumlet.io/embed/69ec63fe4779ed7c8b5cc53b?autoplay=true&loop=true&background=true&muted=true&preload=true&disable_logo=true:0
[    1322ms] [ERROR] A tree hydrated but some attributes of the server rendered HTML didn't match the client properties. This won't be patched up. This can happen if a SSR-ed Client Component used:

- A server/client branch `if (typeof window !== 'undefined')`.
- Variable input such as `Date.now()` or `Math.random()` which changes each time it's called.
- Date formatting in a user's locale which doesn't match the server.
- External changing data without sending a snapshot of it along with the HTML.
- Invalid HTML tag nesting.

It can also happen if the client has a browser extension installed which messes with the HTML before React loaded.

%s%s https://react.dev/link/hydration-mismatch 

  ...
    <HTTPAccessFallbackBoundary notFound={undefined} forbidden={undefined} unauthorized={undefined}>
      <RedirectBoundary>
        <RedirectErrorBoundary router={{...}}>
          <InnerLayoutRouter url="/products/..." tree={[...]} params={{}} cacheNode={{rsc:{...}, ...}} ...>
            <SegmentViewNode type="page" pagePath="products/m...">
              <SegmentTrieNode>
              <MatboardsPage>
                <section>
                <section>
                <section id="color-line" className="py-24 sm:p...">
                  <div className="max-w-7xl ...">
                    <AnimatedSection>
                    <AnimatedSection>
                    <ColorCatalog colors={[...]} idPrefix="primary">
                      <div className="grid lg:gr...">
                        <button>
                        <aside className="hidden lg:...">
                          <div className="bg-surface...">
                            <div>
                            <div className="relative mb-5">
                              <Search>
                              <input
                                id="primary-search"
                                type="text"
                                value=""
                                onChange={function onChange}
+                               placeholder="Search name, code…"
-                               placeholder="Search by name or code…"
                                className="w-full pl-9 pr-3 py-2 text-sm bg-warm-white border border-border rounded-md..."
                              >
                            ...
                        ...
                <section className="py-24 sm:p...">
                  <div className="max-w-7xl ...">
                    <AnimatedSection>
                    <ColorCatalog colors={[...]} idPrefix="premium">
                      <div className="grid lg:gr...">
                        <button>
                        <aside className="hidden lg:...">
                          <div className="bg-surface...">
                            <div>
                            <div className="relative mb-5">
                              <Search>
                              <input
                                id="premium-search"
                                type="text"
                                value=""
                                onChange={function onChange}
+                               placeholder="Search name, code…"
-                               placeholder="Search by name or code…"
                                className="w-full pl-9 pr-3 py-2 text-sm bg-warm-white border border-border rounded-md..."
                              >
                            ...
                        ...
                ...
            ...
          ...
 @ http://localhost:3000/_next/static/chunks/node_modules_next_dist_115brz8._.js:3272
[    1509ms] [LOG] [Fast Refresh] rebuilding @ http://localhost:3000/_next/static/chunks/node_modules_next_dist_115brz8._.js:2431
[    1540ms] [LOG] [Fast Refresh] done in 133ms @ http://localhost:3000/_next/static/chunks/node_modules_next_dist_115brz8._.js:2431
[    7887ms] [WARNING] The resource https://video.gumlet.io/69ec5f2680df8787f2c0fb79/69ec631551e0355695caeb14/thumbnail-1-0.png?format=auto&ar=1920%3A1080&mode=crop&w=160 was preloaded using link preload but not used within a few seconds from the window's load event. Please make sure it has an appropriate `as` value and it is preloaded intentionally. @ https://play.gumlet.io/embed/69ec631551e0355695caeb14?autoplay=true&loop=true&background=true&muted=true&preload=true&disable_logo=true:0
[    8012ms] [WARNING] The resource https://video.gumlet.io/69ec5f2680df8787f2c0fb79/69ec63fe4779ed7c8b5cc53b/thumbnail-1-0.png?format=auto&ar=1920%3A1080&mode=crop&w=160 was preloaded using link preload but not used within a few seconds from the window's load event. Please make sure it has an appropriate `as` value and it is preloaded intentionally. @ https://play.gumlet.io/embed/69ec63fe4779ed7c8b5cc53b?autoplay=true&loop=true&background=true&muted=true&preload=true&disable_logo=true:0
[   11807ms] [WARNING] The resource https://video.gumlet.io/69ec5f2680df8787f2c0fb79/69ec631551e0355695caeb14/thumbnail-1-0.png?format=auto&ar=1920%3A1080&mode=crop&w=160 was preloaded using link preload but not used within a few seconds from the window's load event. Please make sure it has an appropriate `as` value and it is preloaded intentionally. @ https://play.gumlet.io/embed/69ec631551e0355695caeb14?autoplay=true&loop=true&background=true&muted=true&preload=true&disable_logo=true:0
[   11939ms] [WARNING] The resource https://video.gumlet.io/69ec5f2680df8787f2c0fb79/69ec63fe4779ed7c8b5cc53b/thumbnail-1-0.png?format=auto&ar=1920%3A1080&mode=crop&w=160 was preloaded using link preload but not used within a few seconds from the window's load event. Please make sure it has an appropriate `as` value and it is preloaded intentionally. @ https://play.gumlet.io/embed/69ec63fe4779ed7c8b5cc53b?autoplay=true&loop=true&background=true&muted=true&preload=true&disable_logo=true:0
[   15822ms] [WARNING] The resource https://video.gumlet.io/69ec5f2680df8787f2c0fb79/69ec631551e0355695caeb14/thumbnail-1-0.png?format=auto&ar=1920%3A1080&mode=crop&w=160 was preloaded using link preload but not used within a few seconds from the window's load event. Please make sure it has an appropriate `as` value and it is preloaded intentionally. @ https://play.gumlet.io/embed/69ec631551e0355695caeb14?autoplay=true&loop=true&background=true&muted=true&preload=true&disable_logo=true:0
[   15970ms] [WARNING] The resource https://video.gumlet.io/69ec5f2680df8787f2c0fb79/69ec63fe4779ed7c8b5cc53b/thumbnail-1-0.png?format=auto&ar=1920%3A1080&mode=crop&w=160 was preloaded using link preload but not used within a few seconds from the window's load event. Please make sure it has an appropriate `as` value and it is preloaded intentionally. @ https://play.gumlet.io/embed/69ec63fe4779ed7c8b5cc53b?autoplay=true&loop=true&background=true&muted=true&preload=true&disable_logo=true:0
[   19840ms] [WARNING] The resource https://video.gumlet.io/69ec5f2680df8787f2c0fb79/69ec631551e0355695caeb14/thumbnail-1-0.png?format=auto&ar=1920%3A1080&mode=crop&w=160 was preloaded using link preload but not used within a few seconds from the window's load event. Please make sure it has an appropriate `as` value and it is preloaded intentionally. @ https://play.gumlet.io/embed/69ec631551e0355695caeb14?autoplay=true&loop=true&background=true&muted=true&preload=true&disable_logo=true:0
[   19983ms] [WARNING] The resource https://video.gumlet.io/69ec5f2680df8787f2c0fb79/69ec63fe4779ed7c8b5cc53b/thumbnail-1-0.png?format=auto&ar=1920%3A1080&mode=crop&w=160 was preloaded using link preload but not used within a few seconds from the window's load event. Please make sure it has an appropriate `as` value and it is preloaded intentionally. @ https://play.gumlet.io/embed/69ec63fe4779ed7c8b5cc53b?autoplay=true&loop=true&background=true&muted=true&preload=true&disable_logo=true:0
[   25793ms] [WARNING] The resource https://video.gumlet.io/69ec5f2680df8787f2c0fb79/69ec631551e0355695caeb14/thumbnail-1-0.png?format=auto&ar=1920%3A1080&mode=crop&w=160 was preloaded using link preload but not used within a few seconds from the window's load event. Please make sure it has an appropriate `as` value and it is preloaded intentionally. @ https://play.gumlet.io/embed/69ec631551e0355695caeb14?autoplay=true&loop=true&background=true&muted=true&preload=true&disable_logo=true:0
[   28015ms] [WARNING] The resource https://video.gumlet.io/69ec5f2680df8787f2c0fb79/69ec63fe4779ed7c8b5cc53b/thumbnail-1-0.png?format=auto&ar=1920%3A1080&mode=crop&w=160 was preloaded using link preload but not used within a few seconds from the window's load event. Please make sure it has an appropriate `as` value and it is preloaded intentionally. @ https://play.gumlet.io/embed/69ec63fe4779ed7c8b5cc53b?autoplay=true&loop=true&background=true&muted=true&preload=true&disable_logo=true:0
[   32028ms] [WARNING] The resource https://video.gumlet.io/69ec5f2680df8787f2c0fb79/69ec63fe4779ed7c8b5cc53b/thumbnail-1-0.png?format=auto&ar=1920%3A1080&mode=crop&w=160 was preloaded using link preload but not used within a few seconds from the window's load event. Please make sure it has an appropriate `as` value and it is preloaded intentionally. @ https://play.gumlet.io/embed/69ec63fe4779ed7c8b5cc53b?autoplay=true&loop=true&background=true&muted=true&preload=true&disable_logo=true:0
[   32283ms] [WARNING] The resource https://video.gumlet.io/69ec5f2680df8787f2c0fb79/69ec631551e0355695caeb14/thumbnail-1-0.png?format=auto&ar=1920%3A1080&mode=crop&w=160 was preloaded using link preload but not used within a few seconds from the window's load event. Please make sure it has an appropriate `as` value and it is preloaded intentionally. @ https://play.gumlet.io/embed/69ec631551e0355695caeb14?autoplay=true&loop=true&background=true&muted=true&preload=true&disable_logo=true:0
[   36422ms] [WARNING] The resource https://video.gumlet.io/69ec5f2680df8787f2c0fb79/69ec63fe4779ed7c8b5cc53b/thumbnail-1-0.png?format=auto&ar=1920%3A1080&mode=crop&w=160 was preloaded using link preload but not used within a few seconds from the window's load event. Please make sure it has an appropriate `as` value and it is preloaded intentionally. @ https://play.gumlet.io/embed/69ec63fe4779ed7c8b5cc53b?autoplay=true&loop=true&background=true&muted=true&preload=true&disable_logo=true:0
[   39789ms] [WARNING] The resource https://video.gumlet.io/69ec5f2680df8787f2c0fb79/69ec63fe4779ed7c8b5cc53b/thumbnail-1-0.png?format=auto&ar=1920%3A1080&mode=crop&w=160 was preloaded using link preload but not used within a few seconds from the window's load event. Please make sure it has an appropriate `as` value and it is preloaded intentionally. @ https://play.gumlet.io/embed/69ec63fe4779ed7c8b5cc53b?autoplay=true&loop=true&background=true&muted=true&preload=true&disable_logo=true:0
[   42376ms] [WARNING] The resource https://video.gumlet.io/69ec5f2680df8787f2c0fb79/69ec631551e0355695caeb14/thumbnail-1-0.png?format=auto&ar=1920%3A1080&mode=crop&w=160 was preloaded using link preload but not used within a few seconds from the window's load event. Please make sure it has an appropriate `as` value and it is preloaded intentionally. @ https://play.gumlet.io/embed/69ec631551e0355695caeb14?autoplay=true&loop=true&background=true&muted=true&preload=true&disable_logo=true:0
[   43341ms] [INFO] %cDownload the React DevTools for a better development experience: https://react.dev/link/react-devtools font-weight:bold @ http://localhost:3000/_next/static/chunks/node_modules_next_dist_115brz8._.js:2431
[   43402ms] [LOG] [HMR] connected @ http://localhost:3000/_next/static/chunks/node_modules_next_dist_115brz8._.js:2431
[   44229ms] [ERROR] The Content Security Policy directive 'upgrade-insecure-requests' is ignored when delivered in a report-only policy. @ https://play.gumlet.io/embed/69ec63fe4779ed7c8b5cc53b?autoplay=true&loop=true&background=true&muted=true&preload=true&disable_logo=true:0
[   44229ms] [ERROR] The Content Security Policy directive 'upgrade-insecure-requests' is ignored when delivered in a report-only policy. @ https://play.gumlet.io/embed/69ec63fe4779ed7c8b5cc53b?autoplay=true&loop=true&background=true&muted=true&preload=true&disable_logo=true:0
[   44243ms] [ERROR] The Content Security Policy directive 'upgrade-insecure-requests' is ignored when delivered in a report-only policy. @ https://play.gumlet.io/embed/69ec631551e0355695caeb14?autoplay=true&loop=true&background=true&muted=true&preload=true&disable_logo=true:0
[   44274ms] [ERROR] A tree hydrated but some attributes of the server rendered HTML didn't match the client properties. This won't be patched up. This can happen if a SSR-ed Client Component used:

- A server/client branch `if (typeof window !== 'undefined')`.
- Variable input such as `Date.now()` or `Math.random()` which changes each time it's called.
- Date formatting in a user's locale which doesn't match the server.
- External changing data without sending a snapshot of it along with the HTML.
- Invalid HTML tag nesting.

It can also happen if the client has a browser extension installed which messes with the HTML before React loaded.

%s%s https://react.dev/link/hydration-mismatch 

  ...
    <HTTPAccessFallbackBoundary notFound={undefined} forbidden={undefined} unauthorized={undefined}>
      <RedirectBoundary>
        <RedirectErrorBoundary router={{...}}>
          <InnerLayoutRouter url="/products/..." tree={[...]} params={{}} cacheNode={{rsc:{...}, ...}} ...>
            <SegmentViewNode type="page" pagePath="products/m...">
              <SegmentTrieNode>
              <MatboardsPage>
                <section>
                <section>
                <section id="color-line" className="py-24 sm:p...">
                  <div className="max-w-7xl ...">
                    <AnimatedSection>
                    <AnimatedSection>
                    <ColorCatalog colors={[...]} idPrefix="primary">
                      <div className="grid lg:gr...">
                        <button>
                        <aside className="hidden lg:...">
                          <div className="bg-surface...">
                            <div>
                            <div className="relative mb-5">
                              <Search>
                              <input
                                id="primary-search"
                                type="text"
                                value=""
                                onChange={function onChange}
+                               placeholder="Search name, code…"
-                               placeholder="Search by name or code…"
                                className="w-full pl-9 pr-3 py-2 text-sm bg-warm-white border border-border rounded-md..."
                              >
                            ...
                        ...
                <section className="py-24 sm:p...">
                  <div className="max-w-7xl ...">
                    <AnimatedSection>
                    <ColorCatalog colors={[...]} idPrefix="premium">
                      <div className="grid lg:gr...">
                        <button>
                        <aside className="hidden lg:...">
                          <div className="bg-surface...">
                            <div>
                            <div className="relative mb-5">
                              <Search>
                              <input
                                id="premium-search"
                                type="text"
                                value=""
                                onChange={function onChange}
+                               placeholder="Search name, code…"
-                               placeholder="Search by name or code…"
                                className="w-full pl-9 pr-3 py-2 text-sm bg-warm-white border border-border rounded-md..."
                              >
                            ...
                        ...
                ...
            ...
          ...
 @ http://localhost:3000/_next/static/chunks/node_modules_next_dist_115brz8._.js:3272
[   50651ms] [WARNING] The resource https://video.gumlet.io/69ec5f2680df8787f2c0fb79/69ec631551e0355695caeb14/thumbnail-1-0.png?format=auto&ar=1920%3A1080&mode=crop&w=160 was preloaded using link preload but not used within a few seconds from the window's load event. Please make sure it has an appropriate `as` value and it is preloaded intentionally. @ https://play.gumlet.io/embed/69ec631551e0355695caeb14?autoplay=true&loop=true&background=true&muted=true&preload=true&disable_logo=true:0
[   50700ms] [WARNING] The resource https://video.gumlet.io/69ec5f2680df8787f2c0fb79/69ec63fe4779ed7c8b5cc53b/thumbnail-1-0.png?format=auto&ar=1920%3A1080&mode=crop&w=160 was preloaded using link preload but not used within a few seconds from the window's load event. Please make sure it has an appropriate `as` value and it is preloaded intentionally. @ https://play.gumlet.io/embed/69ec63fe4779ed7c8b5cc53b?autoplay=true&loop=true&background=true&muted=true&preload=true&disable_logo=true:0
[   54666ms] [WARNING] The resource https://video.gumlet.io/69ec5f2680df8787f2c0fb79/69ec631551e0355695caeb14/thumbnail-1-0.png?format=auto&ar=1920%3A1080&mode=crop&w=160 was preloaded using link preload but not used within a few seconds from the window's load event. Please make sure it has an appropriate `as` value and it is preloaded intentionally. @ https://play.gumlet.io/embed/69ec631551e0355695caeb14?autoplay=true&loop=true&background=true&muted=true&preload=true&disable_logo=true:0
[   54715ms] [WARNING] The resource https://video.gumlet.io/69ec5f2680df8787f2c0fb79/69ec63fe4779ed7c8b5cc53b/thumbnail-1-0.png?format=auto&ar=1920%3A1080&mode=crop&w=160 was preloaded using link preload but not used within a few seconds from the window's load event. Please make sure it has an appropriate `as` value and it is preloaded intentionally. @ https://play.gumlet.io/embed/69ec63fe4779ed7c8b5cc53b?autoplay=true&loop=true&background=true&muted=true&preload=true&disable_logo=true:0
[   58501ms] [WARNING] The resource https://video.gumlet.io/69ec5f2680df8787f2c0fb79/69ec63fe4779ed7c8b5cc53b/thumbnail-1-0.png?format=auto&ar=1920%3A1080&mode=crop&w=160 was preloaded using link preload but not used within a few seconds from the window's load event. Please make sure it has an appropriate `as` value and it is preloaded intentionally. @ https://play.gumlet.io/embed/69ec63fe4779ed7c8b5cc53b?autoplay=true&loop=true&background=true&muted=true&preload=true&disable_logo=true:0
[   58502ms] [WARNING] The resource https://video.gumlet.io/69ec5f2680df8787f2c0fb79/69ec631551e0355695caeb14/thumbnail-1-0.png?format=auto&ar=1920%3A1080&mode=crop&w=160 was preloaded using link preload but not used within a few seconds from the window's load event. Please make sure it has an appropriate `as` value and it is preloaded intentionally. @ https://play.gumlet.io/embed/69ec631551e0355695caeb14?autoplay=true&loop=true&background=true&muted=true&preload=true&disable_logo=true:0
[   62399ms] [WARNING] The resource https://video.gumlet.io/69ec5f2680df8787f2c0fb79/69ec631551e0355695caeb14/thumbnail-1-0.png?format=auto&ar=1920%3A1080&mode=crop&w=160 was preloaded using link preload but not used within a few seconds from the window's load event. Please make sure it has an appropriate `as` value and it is preloaded intentionally. @ https://play.gumlet.io/embed/69ec631551e0355695caeb14?autoplay=true&loop=true&background=true&muted=true&preload=true&disable_logo=true:0
[   62533ms] [WARNING] The resource https://video.gumlet.io/69ec5f2680df8787f2c0fb79/69ec63fe4779ed7c8b5cc53b/thumbnail-1-0.png?format=auto&ar=1920%3A1080&mode=crop&w=160 was preloaded using link preload but not used within a few seconds from the window's load event. Please make sure it has an appropriate `as` value and it is preloaded intentionally. @ https://play.gumlet.io/embed/69ec63fe4779ed7c8b5cc53b?autoplay=true&loop=true&background=true&muted=true&preload=true&disable_logo=true:0
[   69056ms] [WARNING] The resource https://video.gumlet.io/69ec5f2680df8787f2c0fb79/69ec631551e0355695caeb14/thumbnail-1-0.png?format=auto&ar=1920%3A1080&mode=crop&w=160 was preloaded using link preload but not used within a few seconds from the window's load event. Please make sure it has an appropriate `as` value and it is preloaded intentionally. @ https://play.gumlet.io/embed/69ec631551e0355695caeb14?autoplay=true&loop=true&background=true&muted=true&preload=true&disable_logo=true:0
[   70600ms] [WARNING] The resource https://video.gumlet.io/69ec5f2680df8787f2c0fb79/69ec63fe4779ed7c8b5cc53b/thumbnail-1-0.png?format=auto&ar=1920%3A1080&mode=crop&w=160 was preloaded using link preload but not used within a few seconds from the window's load event. Please make sure it has an appropriate `as` value and it is preloaded intentionally. @ https://play.gumlet.io/embed/69ec63fe4779ed7c8b5cc53b?autoplay=true&loop=true&background=true&muted=true&preload=true&disable_logo=true:0
[   74629ms] [WARNING] The resource https://video.gumlet.io/69ec5f2680df8787f2c0fb79/69ec63fe4779ed7c8b5cc53b/thumbnail-1-0.png?format=auto&ar=1920%3A1080&mode=crop&w=160 was preloaded using link preload but not used within a few seconds from the window's load event. Please make sure it has an appropriate `as` value and it is preloaded intentionally. @ https://play.gumlet.io/embed/69ec63fe4779ed7c8b5cc53b?autoplay=true&loop=true&background=true&muted=true&preload=true&disable_logo=true:0
[   76293ms] [WARNING] The resource https://video.gumlet.io/69ec5f2680df8787f2c0fb79/69ec631551e0355695caeb14/thumbnail-1-0.png?format=auto&ar=1920%3A1080&mode=crop&w=160 was preloaded using link preload but not used within a few seconds from the window's load event. Please make sure it has an appropriate `as` value and it is preloaded intentionally. @ https://play.gumlet.io/embed/69ec631551e0355695caeb14?autoplay=true&loop=true&background=true&muted=true&preload=true&disable_logo=true:0
[   78685ms] [WARNING] The resource https://video.gumlet.io/69ec5f2680df8787f2c0fb79/69ec63fe4779ed7c8b5cc53b/thumbnail-1-0.png?format=auto&ar=1920%3A1080&mode=crop&w=160 was preloaded using link preload but not used within a few seconds from the window's load event. Please make sure it has an appropriate `as` value and it is preloaded intentionally. @ https://play.gumlet.io/embed/69ec63fe4779ed7c8b5cc53b?autoplay=true&loop=true&background=true&muted=true&preload=true&disable_logo=true:0
[   82317ms] [WARNING] The resource https://video.gumlet.io/69ec5f2680df8787f2c0fb79/69ec63fe4779ed7c8b5cc53b/thumbnail-1-0.png?format=auto&ar=1920%3A1080&mode=crop&w=160 was preloaded using link preload but not used within a few seconds from the window's load event. Please make sure it has an appropriate `as` value and it is preloaded intentionally. @ https://play.gumlet.io/embed/69ec63fe4779ed7c8b5cc53b?autoplay=true&loop=true&background=true&muted=true&preload=true&disable_logo=true:0
[   85103ms] [WARNING] The resource https://video.gumlet.io/69ec5f2680df8787f2c0fb79/69ec631551e0355695caeb14/thumbnail-1-0.png?format=auto&ar=1920%3A1080&mode=crop&w=160 was preloaded using link preload but not used within a few seconds from the window's load event. Please make sure it has an appropriate `as` value and it is preloaded intentionally. @ https://play.gumlet.io/embed/69ec631551e0355695caeb14?autoplay=true&loop=true&background=true&muted=true&preload=true&disable_logo=true:0
[   90349ms] [WARNING] The resource https://video.gumlet.io/69ec5f2680df8787f2c0fb79/69ec63fe4779ed7c8b5cc53b/thumbnail-1-0.png?format=auto&ar=1920%3A1080&mode=crop&w=160 was preloaded using link preload but not used within a few seconds from the window's load event. Please make sure it has an appropriate `as` value and it is preloaded intentionally. @ https://play.gumlet.io/embed/69ec63fe4779ed7c8b5cc53b?autoplay=true&loop=true&background=true&muted=true&preload=true&disable_logo=true:0
[   94367ms] [WARNING] The resource https://video.gumlet.io/69ec5f2680df8787f2c0fb79/69ec63fe4779ed7c8b5cc53b/thumbnail-1-0.png?format=auto&ar=1920%3A1080&mode=crop&w=160 was preloaded using link preload but not used within a few seconds from the window's load event. Please make sure it has an appropriate `as` value and it is preloaded intentionally. @ https://play.gumlet.io/embed/69ec63fe4779ed7c8b5cc53b?autoplay=true&loop=true&background=true&muted=true&preload=true&disable_logo=true:0
[   95787ms] [WARNING] The resource https://video.gumlet.io/69ec5f2680df8787f2c0fb79/69ec631551e0355695caeb14/thumbnail-1-0.png?format=auto&ar=1920%3A1080&mode=crop&w=160 was preloaded using link preload but not used within a few seconds from the window's load event. Please make sure it has an appropriate `as` value and it is preloaded intentionally. @ https://play.gumlet.io/embed/69ec631551e0355695caeb14?autoplay=true&loop=true&background=true&muted=true&preload=true&disable_logo=true:0
[   99051ms] [WARNING] The resource https://video.gumlet.io/69ec5f2680df8787f2c0fb79/69ec63fe4779ed7c8b5cc53b/thumbnail-1-0.png?format=auto&ar=1920%3A1080&mode=crop&w=160 was preloaded using link preload but not used within a few seconds from the window's load event. Please make sure it has an appropriate `as` value and it is preloaded intentionally. @ https://play.gumlet.io/embed/69ec63fe4779ed7c8b5cc53b?autoplay=true&loop=true&background=true&muted=true&preload=true&disable_logo=true:0
[  101710ms] [WARNING] The resource https://video.gumlet.io/69ec5f2680df8787f2c0fb79/69ec631551e0355695caeb14/thumbnail-1-0.png?format=auto&ar=1920%3A1080&mode=crop&w=160 was preloaded using link preload but not used within a few seconds from the window's load event. Please make sure it has an appropriate `as` value and it is preloaded intentionally. @ https://play.gumlet.io/embed/69ec631551e0355695caeb14?autoplay=true&loop=true&background=true&muted=true&preload=true&disable_logo=true:0
[  102430ms] [WARNING] The resource https://video.gumlet.io/69ec5f2680df8787f2c0fb79/69ec63fe4779ed7c8b5cc53b/thumbnail-1-0.png?format=auto&ar=1920%3A1080&mode=crop&w=160 was preloaded using link preload but not used within a few seconds from the window's load event. Please make sure it has an appropriate `as` value and it is preloaded intentionally. @ https://play.gumlet.io/embed/69ec63fe4779ed7c8b5cc53b?autoplay=true&loop=true&background=true&muted=true&preload=true&disable_logo=true:0
[  109628ms] [LOG] [Fast Refresh] rebuilding @ http://localhost:3000/_next/static/chunks/node_modules_next_dist_115brz8._.js:2431
[  109661ms] [LOG] [Fast Refresh] done in 134ms @ http://localhost:3000/_next/static/chunks/node_modules_next_dist_115brz8._.js:2431
[  110519ms] [WARNING] The resource https://video.gumlet.io/69ec5f2680df8787f2c0fb79/69ec63fe4779ed7c8b5cc53b/thumbnail-1-0.png?format=auto&ar=1920%3A1080&mode=crop&w=160 was preloaded using link preload but not used within a few seconds from the window's load event. Please make sure it has an appropriate `as` value and it is preloaded intentionally. @ https://play.gumlet.io/embed/69ec63fe4779ed7c8b5cc53b?autoplay=true&loop=true&background=true&muted=true&preload=true&disable_logo=true:0
[  111752ms] [WARNING] The resource https://video.gumlet.io/69ec5f2680df8787f2c0fb79/69ec631551e0355695caeb14/thumbnail-1-0.png?format=auto&ar=1920%3A1080&mode=crop&w=160 was preloaded using link preload but not used within a few seconds from the window's load event. Please make sure it has an appropriate `as` value and it is preloaded intentionally. @ https://play.gumlet.io/embed/69ec631551e0355695caeb14?autoplay=true&loop=true&background=true&muted=true&preload=true&disable_logo=true:0
[  114559ms] [WARNING] The resource https://video.gumlet.io/69ec5f2680df8787f2c0fb79/69ec63fe4779ed7c8b5cc53b/thumbnail-1-0.png?format=auto&ar=1920%3A1080&mode=crop&w=160 was preloaded using link preload but not used within a few seconds from the window's load event. Please make sure it has an appropriate `as` value and it is preloaded intentionally. @ https://play.gumlet.io/embed/69ec63fe4779ed7c8b5cc53b?autoplay=true&loop=true&background=true&muted=true&preload=true&disable_logo=true:0
[  118578ms] [ERROR] Failed to load resource: net::ERR_EMPTY_RESPONSE @ http://localhost:3000/api/analytics/track:0
[  119067ms] [WARNING] The resource https://video.gumlet.io/69ec5f2680df8787f2c0fb79/69ec63fe4779ed7c8b5cc53b/thumbnail-1-0.png?format=auto&ar=1920%3A1080&mode=crop&w=160 was preloaded using link preload but not used within a few seconds from the window's load event. Please make sure it has an appropriate `as` value and it is preloaded intentionally. @ https://play.gumlet.io/embed/69ec63fe4779ed7c8b5cc53b?autoplay=true&loop=true&background=true&muted=true&preload=true&disable_logo=true:0
[  119582ms] [ERROR] WebSocket connection to 'ws://localhost:3000/_next/webpack-hmr?id=F6Bm_t3tScBeSyy1owQIt' failed: Error in connection establishment: net::ERR_CONNECTION_REFUSED @ http://localhost:3000/_next/static/chunks/node_modules_next_dist_client_0fhqo1d._.js:13299
[  120584ms] [ERROR] WebSocket connection to 'ws://localhost:3000/_next/webpack-hmr?id=F6Bm_t3tScBeSyy1owQIt' failed: Error in connection establishment: net::ERR_CONNECTION_REFUSED @ http://localhost:3000/_next/static/chunks/node_modules_next_dist_client_0fhqo1d._.js:13299
[  121589ms] [ERROR] WebSocket connection to 'ws://localhost:3000/_next/webpack-hmr?id=F6Bm_t3tScBeSyy1owQIt' failed: Error in connection establishment: net::ERR_CONNECTION_REFUSED @ http://localhost:3000/_next/static/chunks/node_modules_next_dist_client_0fhqo1d._.js:13299
[  121848ms] [WARNING] The resource https://video.gumlet.io/69ec5f2680df8787f2c0fb79/69ec631551e0355695caeb14/thumbnail-1-0.png?format=auto&ar=1920%3A1080&mode=crop&w=160 was preloaded using link preload but not used within a few seconds from the window's load event. Please make sure it has an appropriate `as` value and it is preloaded intentionally. @ https://play.gumlet.io/embed/69ec631551e0355695caeb14?autoplay=true&loop=true&background=true&muted=true&preload=true&disable_logo=true:0
[  122593ms] [ERROR] WebSocket connection to 'ws://localhost:3000/_next/webpack-hmr?id=F6Bm_t3tScBeSyy1owQIt' failed: Error in connection establishment: net::ERR_CONNECTION_REFUSED @ http://localhost:3000/_next/static/chunks/node_modules_next_dist_client_0fhqo1d._.js:13299
[  122635ms] [WARNING] The resource https://video.gumlet.io/69ec5f2680df8787f2c0fb79/69ec63fe4779ed7c8b5cc53b/thumbnail-1-0.png?format=auto&ar=1920%3A1080&mode=crop&w=160 was preloaded using link preload but not used within a few seconds from the window's load event. Please make sure it has an appropriate `as` value and it is preloaded intentionally. @ https://play.gumlet.io/embed/69ec63fe4779ed7c8b5cc53b?autoplay=true&loop=true&background=true&muted=true&preload=true&disable_logo=true:0
[  123595ms] [ERROR] WebSocket connection to 'ws://localhost:3000/_next/webpack-hmr?id=F6Bm_t3tScBeSyy1owQIt' failed: Error in connection establishment: net::ERR_CONNECTION_REFUSED @ http://localhost:3000/_next/static/chunks/node_modules_next_dist_client_0fhqo1d._.js:13299
[  128598ms] [ERROR] WebSocket connection to 'ws://localhost:3000/_next/webpack-hmr?id=F6Bm_t3tScBeSyy1owQIt' failed: Error in connection establishment: net::ERR_CONNECTION_REFUSED @ http://localhost:3000/_next/static/chunks/node_modules_next_dist_client_0fhqo1d._.js:13299
[  128643ms] [WARNING] The resource https://video.gumlet.io/69ec5f2680df8787f2c0fb79/69ec631551e0355695caeb14/thumbnail-1-0.png?format=auto&ar=1920%3A1080&mode=crop&w=160 was preloaded using link preload but not used within a few seconds from the window's load event. Please make sure it has an appropriate `as` value and it is preloaded intentionally. @ https://play.gumlet.io/embed/69ec631551e0355695caeb14?autoplay=true&loop=true&background=true&muted=true&preload=true&disable_logo=true:0
[  130534ms] [WARNING] The resource https://video.gumlet.io/69ec5f2680df8787f2c0fb79/69ec63fe4779ed7c8b5cc53b/thumbnail-1-0.png?format=auto&ar=1920%3A1080&mode=crop&w=160 was preloaded using link preload but not used within a few seconds from the window's load event. Please make sure it has an appropriate `as` value and it is preloaded intentionally. @ https://play.gumlet.io/embed/69ec63fe4779ed7c8b5cc53b?autoplay=true&loop=true&background=true&muted=true&preload=true&disable_logo=true:0
[  133607ms] [LOG] [HMR] connected @ http://localhost:3000/_next/static/chunks/node_modules_next_dist_115brz8._.js:2431
[  134552ms] [WARNING] The resource https://video.gumlet.io/69ec5f2680df8787f2c0fb79/69ec63fe4779ed7c8b5cc53b/thumbnail-1-0.png?format=auto&ar=1920%3A1080&mode=crop&w=160 was preloaded using link preload but not used within a few seconds from the window's load event. Please make sure it has an appropriate `as` value and it is preloaded intentionally. @ https://play.gumlet.io/embed/69ec63fe4779ed7c8b5cc53b?autoplay=true&loop=true&background=true&muted=true&preload=true&disable_logo=true:0
[  138419ms] [WARNING] The resource https://video.gumlet.io/69ec5f2680df8787f2c0fb79/69ec631551e0355695caeb14/thumbnail-1-0.png?format=auto&ar=1920%3A1080&mode=crop&w=160 was preloaded using link preload but not used within a few seconds from the window's load event. Please make sure it has an appropriate `as` value and it is preloaded intentionally. @ https://play.gumlet.io/embed/69ec631551e0355695caeb14?autoplay=true&loop=true&background=true&muted=true&preload=true&disable_logo=true:0
[  139269ms] [WARNING] The resource https://video.gumlet.io/69ec5f2680df8787f2c0fb79/69ec63fe4779ed7c8b5cc53b/thumbnail-1-0.png?format=auto&ar=1920%3A1080&mode=crop&w=160 was preloaded using link preload but not used within a few seconds from the window's load event. Please make sure it has an appropriate `as` value and it is preloaded intentionally. @ https://play.gumlet.io/embed/69ec63fe4779ed7c8b5cc53b?autoplay=true&loop=true&background=true&muted=true&preload=true&disable_logo=true:0
[  140630ms] [INFO] %cDownload the React DevTools for a better development experience: https://react.dev/link/react-devtools font-weight:bold @ http://localhost:3000/_next/static/chunks/node_modules_next_dist_115brz8._.js:2431
[  141080ms] [LOG] [HMR] connected @ http://localhost:3000/_next/static/chunks/node_modules_next_dist_115brz8._.js:2431
[  142100ms] [LOG] [Fast Refresh] rebuilding @ http://localhost:3000/_next/static/chunks/node_modules_next_dist_115brz8._.js:2431
[  142125ms] [LOG] [Fast Refresh] done in 126ms @ http://localhost:3000/_next/static/chunks/node_modules_next_dist_115brz8._.js:2431
[  142308ms] [LOG] [Fast Refresh] rebuilding @ http://localhost:3000/_next/static/chunks/node_modules_next_dist_115brz8._.js:2431
[  142810ms] [ERROR] The Content Security Policy directive 'upgrade-insecure-requests' is ignored when delivered in a report-only policy. @ https://play.gumlet.io/embed/69ec631551e0355695caeb14?autoplay=true&loop=true&background=true&muted=true&preload=true&disable_logo=true:0
[  142810ms] [ERROR] The Content Security Policy directive 'upgrade-insecure-requests' is ignored when delivered in a report-only policy. @ https://play.gumlet.io/embed/69ec631551e0355695caeb14?autoplay=true&loop=true&background=true&muted=true&preload=true&disable_logo=true:0
[  142835ms] [ERROR] The Content Security Policy directive 'upgrade-insecure-requests' is ignored when delivered in a report-only policy. @ https://play.gumlet.io/embed/69ec63fe4779ed7c8b5cc53b?autoplay=true&loop=true&background=true&muted=true&preload=true&disable_logo=true:0
[  143026ms] [LOG] [Fast Refresh] done in 849ms @ http://localhost:3000/_next/static/chunks/node_modules_next_dist_115brz8._.js:2431
[  143349ms] [LOG] [Fast Refresh] rebuilding @ http://localhost:3000/_next/static/chunks/node_modules_next_dist_115brz8._.js:2431
[  143418ms] [ERROR] A tree hydrated but some attributes of the server rendered HTML didn't match the client properties. This won't be patched up. This can happen if a SSR-ed Client Component used:

- A server/client branch `if (typeof window !== 'undefined')`.
- Variable input such as `Date.now()` or `Math.random()` which changes each time it's called.
- Date formatting in a user's locale which doesn't match the server.
- External changing data without sending a snapshot of it along with the HTML.
- Invalid HTML tag nesting.

It can also happen if the client has a browser extension installed which messes with the HTML before React loaded.

%s%s https://react.dev/link/hydration-mismatch 

  ...
    <HTTPAccessFallbackBoundary notFound={undefined} forbidden={undefined} unauthorized={undefined}>
      <RedirectBoundary>
        <RedirectErrorBoundary router={{...}}>
          <InnerLayoutRouter url="/products/..." tree={[...]} params={{}} cacheNode={{rsc:<Fragment>, ...}} ...>
            <SegmentViewNode type="page" pagePath="products/m...">
              <SegmentTrieNode>
              <MatboardsPage>
                <section>
                <section>
                <section id="color-line" className="py-24 sm:p...">
                  <div className="max-w-7xl ...">
                    <AnimatedSection>
                    <AnimatedSection>
                    <ColorCatalog colors={[...]} idPrefix="primary">
                      <div className="grid lg:gr...">
                        <button>
                        <aside className="hidden lg:...">
                          <div className="bg-surface...">
                            <div>
                            <div className="relative mb-5">
                              <Search>
                              <input
                                id="primary-search"
                                type="text"
                                value=""
                                onChange={function onChange}
+                               placeholder="Search name, code…"
-                               placeholder="Search by name or code…"
                                className="w-full pl-9 pr-3 py-2 text-sm bg-warm-white border border-border rounded-md..."
                              >
                            ...
                        ...
                <section className="py-24 sm:p...">
                  <div className="max-w-7xl ...">
                    <AnimatedSection>
                    <ColorCatalog colors={[...]} idPrefix="premium">
                      <div className="grid lg:gr...">
                        <button>
                        <aside className="hidden lg:...">
                          <div className="bg-surface...">
                            <div>
                            <div className="relative mb-5">
                              <Search>
                              <input
                                id="premium-search"
                                type="text"
                                value=""
                                onChange={function onChange}
+                               placeholder="Search name, code…"
-                               placeholder="Search by name or code…"
                                className="w-full pl-9 pr-3 py-2 text-sm bg-warm-white border border-border rounded-md..."
                              >
                            ...
                        ...
                ...
            ...
          ...
 @ http://localhost:3000/_next/static/chunks/node_modules_next_dist_115brz8._.js:3272
[  143419ms] [LOG] [Fast Refresh] done in 222ms @ http://localhost:3000/_next/static/chunks/node_modules_next_dist_115brz8._.js:2431
[  148251ms] [LOG] [Fast Refresh] rebuilding @ http://localhost:3000/_next/static/chunks/node_modules_next_dist_115brz8._.js:2431
[  148283ms] [LOG] [Fast Refresh] done in 133ms @ http://localhost:3000/_next/static/chunks/node_modules_next_dist_115brz8._.js:2431
[  148458ms] [LOG] [Fast Refresh] rebuilding @ http://localhost:3000/_next/static/chunks/node_modules_next_dist_115brz8._.js:2431
[  148486ms] [LOG] [Fast Refresh] done in 129ms @ http://localhost:3000/_next/static/chunks/node_modules_next_dist_115brz8._.js:2431
[  150103ms] [WARNING] The resource https://video.gumlet.io/69ec5f2680df8787f2c0fb79/69ec631551e0355695caeb14/thumbnail-1-0.png?format=auto&ar=1920%3A1080&mode=crop&w=160 was preloaded using link preload but not used within a few seconds from the window's load event. Please make sure it has an appropriate `as` value and it is preloaded intentionally. @ https://play.gumlet.io/embed/69ec631551e0355695caeb14?autoplay=true&loop=true&background=true&muted=true&preload=true&disable_logo=true:0
[  150111ms] [WARNING] The resource https://video.gumlet.io/69ec5f2680df8787f2c0fb79/69ec63fe4779ed7c8b5cc53b/thumbnail-1-0.png?format=auto&ar=1920%3A1080&mode=crop&w=160 was preloaded using link preload but not used within a few seconds from the window's load event. Please make sure it has an appropriate `as` value and it is preloaded intentionally. @ https://play.gumlet.io/embed/69ec63fe4779ed7c8b5cc53b?autoplay=true&loop=true&background=true&muted=true&preload=true&disable_logo=true:0
[  154115ms] [WARNING] The resource https://video.gumlet.io/69ec5f2680df8787f2c0fb79/69ec631551e0355695caeb14/thumbnail-1-0.png?format=auto&ar=1920%3A1080&mode=crop&w=160 was preloaded using link preload but not used within a few seconds from the window's load event. Please make sure it has an appropriate `as` value and it is preloaded intentionally. @ https://play.gumlet.io/embed/69ec631551e0355695caeb14?autoplay=true&loop=true&background=true&muted=true&preload=true&disable_logo=true:0
[  154128ms] [WARNING] The resource https://video.gumlet.io/69ec5f2680df8787f2c0fb79/69ec63fe4779ed7c8b5cc53b/thumbnail-1-0.png?format=auto&ar=1920%3A1080&mode=crop&w=160 was preloaded using link preload but not used within a few seconds from the window's load event. Please make sure it has an appropriate `as` value and it is preloaded intentionally. @ https://play.gumlet.io/embed/69ec63fe4779ed7c8b5cc53b?autoplay=true&loop=true&background=true&muted=true&preload=true&disable_logo=true:0
