[     120ms] [LOG] [Fast Refresh] rebuilding @ http://localhost:3000/_next/static/chunks/node_modules_next_dist_115brz8._.js:2431
[     372ms] [LOG] [Fast Refresh] done in 353ms @ http://localhost:3000/_next/static/chunks/node_modules_next_dist_115brz8._.js:2431
[     961ms] [INFO] %cDownload the React DevTools for a better development experience: https://react.dev/link/react-devtools font-weight:bold @ http://localhost:3000/_next/static/chunks/node_modules_next_dist_115brz8._.js:2431
[    1033ms] [LOG] [HMR] connected @ http://localhost:3000/_next/static/chunks/node_modules_next_dist_115brz8._.js:2431
[    1136ms] Error: Hydration failed because the server rendered text didn't match the client. As a result this tree will be regenerated on the client. This can happen if a SSR-ed Client Component used:

- A server/client branch `if (typeof window !== 'undefined')`.
- Variable input such as `Date.now()` or `Math.random()` which changes each time it's called.
- Date formatting in a user's locale which doesn't match the server.
- External changing data without sending a snapshot of it along with the HTML.
- Invalid HTML tag nesting.

It can also happen if the client has a browser extension installed which messes with the HTML before React loaded.

https://react.dev/link/hydration-mismatch

  ...
    <HTTPAccessFallbackBoundary notFound={<NotAllowedRootHTTPFallbackError>}>
      <HTTPAccessFallbackErrorBoundary pathname="/" notFound={<NotAllowedRootHTTPFallbackError>} forbidden={undefined} ...>
        <RedirectBoundary>
          <RedirectErrorBoundary router={{...}}>
            <Head>
            <__next_root_layout_boundary__>
              <LoadingBoundaryProvider loading={[...]}>
                <SegmentViewNode type="layout" pagePath="layout.tsx">
                  <SegmentTrieNode>
                  <link>
                  <script>
                  <script>
                  <script>
                  <RootLayout>
                    <html lang="en" className="playfair_d..." suppressHydrationWarning={true}>
                      <head>
                      <body className="min-h-dvh ...">
                        <Suspense>
                        <SiteChrome navbar={{navLinks:[...], ...}} footer={{...}}>
                          <Navbar>
                            <div className="bg-charcoa...">
                              <div className="max-w-7xl ...">
                                <p className="font-sans tracking-wide">
+                                 Precision Board Manufacturing - Paterson, NJ since 1999
-                                 Family-Owned Manufacturer · Paterson, NJ since 1999
                                ...
                            ...
                          ...
                        ...
            ...

    at throwOnHydrationMismatch (http://localhost:3000/_next/static/chunks/node_modules_next_dist_compiled_react-dom_058-ah~._.js:3318:56)
    at prepareToHydrateHostInstance (http://localhost:3000/_next/static/chunks/node_modules_next_dist_compiled_react-dom_058-ah~._.js:3372:23)
    at completeWork (http://localhost:3000/_next/static/chunks/node_modules_next_dist_compiled_react-dom_058-ah~._.js:6922:60)
    at runWithFiberInDEV (http://localhost:3000/_next/static/chunks/node_modules_next_dist_compiled_react-dom_058-ah~._.js:965:74)
    at completeUnitOfWork (http://localhost:3000/_next/static/chunks/node_modules_next_dist_compiled_react-dom_058-ah~._.js:9622:23)
    at performUnitOfWork (http://localhost:3000/_next/static/chunks/node_modules_next_dist_compiled_react-dom_058-ah~._.js:9557:28)
    at workLoopConcurrentByScheduler (http://localhost:3000/_next/static/chunks/node_modules_next_dist_compiled_react-dom_058-ah~._.js:9551:58)
    at renderRootConcurrent (http://localhost:3000/_next/static/chunks/node_modules_next_dist_compiled_react-dom_058-ah~._.js:9534:71)
    at performWorkOnRoot (http://localhost:3000/_next/static/chunks/node_modules_next_dist_compiled_react-dom_058-ah~._.js:9061:150)
    at performWorkOnRootViaSchedulerTask (http://localhost:3000/_next/static/chunks/node_modules_next_dist_compiled_react-dom_058-ah~._.js:10255:9)
    at MessagePort.performWorkUntilDeadline (http://localhost:3000/_next/static/chunks/node_modules_next_dist_compiled_0rpq4pf._.js:2647:64)
[    1320ms] TypeError: Cannot read properties of null (reading 'parentNode')
    at $RS (http://localhost:3000/?bust=navtest2:68:8259)
    at http://localhost:3000/?bust=navtest2:68:8328
[    1414ms] [WARNING] Image with src "https://minimum-amber-a4qmprk7vs.edgeone.app/DSC04395.png" is using quality "70" which is not configured in images.qualities [75]. Please update your config to [70, 75].
Read more: https://nextjs.org/docs/messages/next-image-unconfigured-qualities @ http://localhost:3000/_next/static/chunks/node_modules_next_dist_115brz8._.js:2431
[    1425ms] [WARNING] Image with src "https://fantastic-chocolate-zf9kjl0vke.edgeone.app/DSC04373.png" is using quality "70" which is not configured in images.qualities [75]. Please update your config to [70, 75].
Read more: https://nextjs.org/docs/messages/next-image-unconfigured-qualities @ http://localhost:3000/_next/static/chunks/node_modules_next_dist_115brz8._.js:2431
[    1451ms] [WARNING] Image with src "https://agreed-azure-zjezxiows0.edgeone.app/DSC04411-Enhanced-NR.png" is using quality "70" which is not configured in images.qualities [75]. Please update your config to [70, 75].
Read more: https://nextjs.org/docs/messages/next-image-unconfigured-qualities @ http://localhost:3000/_next/static/chunks/node_modules_next_dist_115brz8._.js:2431
[    1454ms] [WARNING] Image with src "https://ugliest-lavender-csj1iqaayz.edgeone.app/DSC04404-2-Enhanced-NR.png" is using quality "70" which is not configured in images.qualities [75]. Please update your config to [70, 75].
Read more: https://nextjs.org/docs/messages/next-image-unconfigured-qualities @ http://localhost:3000/_next/static/chunks/node_modules_next_dist_115brz8._.js:2431
[    1459ms] [WARNING] Image with src "https://absolute-moccasin-prou3nhs4n.edgeone.app/DSC04456-Enhanced-NR.png" is using quality "70" which is not configured in images.qualities [75]. Please update your config to [70, 75].
Read more: https://nextjs.org/docs/messages/next-image-unconfigured-qualities @ http://localhost:3000/_next/static/chunks/node_modules_next_dist_115brz8._.js:2431
[    1462ms] [WARNING] Image with src "https://zygotic-turquoise-ytseh49sgl.edgeone.app/DSC04379.png" is using quality "70" which is not configured in images.qualities [75]. Please update your config to [70, 75].
Read more: https://nextjs.org/docs/messages/next-image-unconfigured-qualities @ http://localhost:3000/_next/static/chunks/node_modules_next_dist_115brz8._.js:2431
[    1503ms] [WARNING] Image with src "https://rapid-purple-slfeijomv1.edgeone.app/DSC04401.png" is using quality "70" which is not configured in images.qualities [75]. Please update your config to [70, 75].
Read more: https://nextjs.org/docs/messages/next-image-unconfigured-qualities @ http://localhost:3000/_next/static/chunks/node_modules_next_dist_115brz8._.js:2431
[    1504ms] [WARNING] Image with src "https://variable-indigo-1iauojgzig.edgeone.app/DSC04387.png" is using quality "70" which is not configured in images.qualities [75]. Please update your config to [70, 75].
Read more: https://nextjs.org/docs/messages/next-image-unconfigured-qualities @ http://localhost:3000/_next/static/chunks/node_modules_next_dist_115brz8._.js:2431
[    1506ms] [WARNING] Image with src "https://super-sapphire-76vas0mvon.edgeone.app/DSC04439-Enhanced-NR.png" is using quality "70" which is not configured in images.qualities [75]. Please update your config to [70, 75].
Read more: https://nextjs.org/docs/messages/next-image-unconfigured-qualities @ http://localhost:3000/_next/static/chunks/node_modules_next_dist_115brz8._.js:2431
[    1510ms] [WARNING] Image with src "https://everyday-lavender-afdj1v0ws7.edgeone.app/DSC04430-Enhanced-NR.png" is using quality "70" which is not configured in images.qualities [75]. Please update your config to [70, 75].
Read more: https://nextjs.org/docs/messages/next-image-unconfigured-qualities @ http://localhost:3000/_next/static/chunks/node_modules_next_dist_115brz8._.js:2431
[    1513ms] [WARNING] Image with src "https://precise-apricot-uv0yrjzron.edgeone.app/DSC04450-Enhanced-NR.png" is using quality "70" which is not configured in images.qualities [75]. Please update your config to [70, 75].
Read more: https://nextjs.org/docs/messages/next-image-unconfigured-qualities @ http://localhost:3000/_next/static/chunks/node_modules_next_dist_115brz8._.js:2431
[    1521ms] [WARNING] Image with src "https://simple-lavender-oofkk0bffl.edgeone.app/DSC04462-Enhanced-NR.png" is using quality "70" which is not configured in images.qualities [75]. Please update your config to [70, 75].
Read more: https://nextjs.org/docs/messages/next-image-unconfigured-qualities @ http://localhost:3000/_next/static/chunks/node_modules_next_dist_115brz8._.js:2431
[    1616ms] [ERROR] The Content Security Policy directive 'upgrade-insecure-requests' is ignored when delivered in a report-only policy. @ https://play.gumlet.io/embed/69ec633f80df8787f2c1524e?autoplay=true&loop=true&background=true&muted=true&preload=true&disable_logo=true:0
[    1651ms] [LOG] [Fast Refresh] rebuilding @ http://localhost:3000/_next/static/chunks/node_modules_next_dist_115brz8._.js:2431
[    1660ms] [LOG] [Fast Refresh] done in 121ms @ http://localhost:3000/_next/static/chunks/node_modules_next_dist_115brz8._.js:2431
[   54864ms] [LOG] [Fast Refresh] rebuilding @ http://localhost:3000/_next/static/chunks/node_modules_next_dist_115brz8._.js:2431
[   54872ms] [LOG] [Fast Refresh] done in 108ms @ http://localhost:3000/_next/static/chunks/node_modules_next_dist_115brz8._.js:2431
[   75484ms] [ERROR] WebSocket connection to 'ws://localhost:3000/_next/webpack-hmr?id=4B9Y2gIdatAB6F3jtSxe3' failed: Error in connection establishment: net::ERR_CONNECTION_REFUSED @ http://localhost:3000/_next/static/chunks/node_modules_next_dist_client_0fhqo1d._.js:13299
[   76161ms] [ERROR] Failed to load resource: net::ERR_CONNECTION_REFUSED @ http://localhost:3000/api/analytics/track:0
[   76486ms] [ERROR] WebSocket connection to 'ws://localhost:3000/_next/webpack-hmr?id=4B9Y2gIdatAB6F3jtSxe3' failed: Error in connection establishment: net::ERR_CONNECTION_REFUSED @ http://localhost:3000/_next/static/chunks/node_modules_next_dist_client_0fhqo1d._.js:13299
[   77488ms] [ERROR] WebSocket connection to 'ws://localhost:3000/_next/webpack-hmr?id=4B9Y2gIdatAB6F3jtSxe3' failed: Error in connection establishment: net::ERR_CONNECTION_REFUSED @ http://localhost:3000/_next/static/chunks/node_modules_next_dist_client_0fhqo1d._.js:13299
[   78490ms] [ERROR] WebSocket connection to 'ws://localhost:3000/_next/webpack-hmr?id=4B9Y2gIdatAB6F3jtSxe3' failed: Error in connection establishment: net::ERR_CONNECTION_REFUSED @ http://localhost:3000/_next/static/chunks/node_modules_next_dist_client_0fhqo1d._.js:13299
[   80214ms] [LOG] [HMR] connected @ http://localhost:3000/_next/static/chunks/node_modules_next_dist_115brz8._.js:2431
[   92562ms] [INFO] %cDownload the React DevTools for a better development experience: https://react.dev/link/react-devtools font-weight:bold @ http://localhost:3000/_next/static/chunks/node_modules_next_dist_115brz8._.js:2431
[   92708ms] [LOG] [HMR] connected @ http://localhost:3000/_next/static/chunks/node_modules_next_dist_115brz8._.js:2431
[   92827ms] [ERROR] The Content Security Policy directive 'upgrade-insecure-requests' is ignored when delivered in a report-only policy. @ https://play.gumlet.io/embed/69ec633f80df8787f2c1524e?autoplay=true&loop=true&background=true&muted=true&preload=true&disable_logo=true:0
[   92969ms] [ERROR] The Content Security Policy directive 'upgrade-insecure-requests' is ignored when delivered in a report-only policy. @ https://play.gumlet.io/embed/69ec633f80df8787f2c1524e?autoplay=true&loop=true&background=true&muted=true&preload=true&disable_logo=true:0
[   92969ms] [ERROR] The Content Security Policy directive 'upgrade-insecure-requests' is ignored when delivered in a report-only policy. @ https://play.gumlet.io/embed/69ec633f80df8787f2c1524e?autoplay=true&loop=true&background=true&muted=true&preload=true&disable_logo=true:0
[   93275ms] [ERROR] The Content Security Policy directive 'upgrade-insecure-requests' is ignored when delivered in a report-only policy. @ https://play.gumlet.io/embed/69ec60544779ed7c8b5c7bf2?autoplay=true&loop=true&muted=true&background=true&preload=true&disable_logo=true&disable_player_controls=true:0
[   92969ms] [ERROR] The Content Security Policy directive 'upgrade-insecure-requests' is ignored when delivered in a report-only policy. @ https://play.gumlet.io/embed/69ec633f80df8787f2c1524e?autoplay=true&loop=true&background=true&muted=true&preload=true&disable_logo=true:0
[   93275ms] [ERROR] The Content Security Policy directive 'upgrade-insecure-requests' is ignored when delivered in a report-only policy. @ https://play.gumlet.io/embed/69ec60544779ed7c8b5c7bf2?autoplay=true&loop=true&muted=true&background=true&preload=true&disable_logo=true&disable_player_controls=true:0
[   93306ms] [ERROR] The Content Security Policy directive 'upgrade-insecure-requests' is ignored when delivered in a report-only policy. @ https://play.gumlet.io/embed/69ec658280df8787f2c17a1c?autoplay=true&loop=true&muted=true&background=true&preload=true&disable_logo=true&disable_player_controls=true:0
[   92969ms] [ERROR] The Content Security Policy directive 'upgrade-insecure-requests' is ignored when delivered in a report-only policy. @ https://play.gumlet.io/embed/69ec633f80df8787f2c1524e?autoplay=true&loop=true&background=true&muted=true&preload=true&disable_logo=true:0
[   93275ms] [ERROR] The Content Security Policy directive 'upgrade-insecure-requests' is ignored when delivered in a report-only policy. @ https://play.gumlet.io/embed/69ec60544779ed7c8b5c7bf2?autoplay=true&loop=true&muted=true&background=true&preload=true&disable_logo=true&disable_player_controls=true:0
[   93306ms] [ERROR] The Content Security Policy directive 'upgrade-insecure-requests' is ignored when delivered in a report-only policy. @ https://play.gumlet.io/embed/69ec658280df8787f2c17a1c?autoplay=true&loop=true&muted=true&background=true&preload=true&disable_logo=true&disable_player_controls=true:0
[   93359ms] [ERROR] The Content Security Policy directive 'upgrade-insecure-requests' is ignored when delivered in a report-only policy. @ https://play.gumlet.io/embed/69ec64bb51e0355695cb0733?autoplay=true&loop=true&muted=true&background=true&preload=true&disable_logo=true&disable_player_controls=true:0
[   92969ms] [ERROR] The Content Security Policy directive 'upgrade-insecure-requests' is ignored when delivered in a report-only policy. @ https://play.gumlet.io/embed/69ec633f80df8787f2c1524e?autoplay=true&loop=true&background=true&muted=true&preload=true&disable_logo=true:0
[   93275ms] [ERROR] The Content Security Policy directive 'upgrade-insecure-requests' is ignored when delivered in a report-only policy. @ https://play.gumlet.io/embed/69ec60544779ed7c8b5c7bf2?autoplay=true&loop=true&muted=true&background=true&preload=true&disable_logo=true&disable_player_controls=true:0
[   93306ms] [ERROR] The Content Security Policy directive 'upgrade-insecure-requests' is ignored when delivered in a report-only policy. @ https://play.gumlet.io/embed/69ec658280df8787f2c17a1c?autoplay=true&loop=true&muted=true&background=true&preload=true&disable_logo=true&disable_player_controls=true:0
[   93359ms] [ERROR] The Content Security Policy directive 'upgrade-insecure-requests' is ignored when delivered in a report-only policy. @ https://play.gumlet.io/embed/69ec64bb51e0355695cb0733?autoplay=true&loop=true&muted=true&background=true&preload=true&disable_logo=true&disable_player_controls=true:0
[   93519ms] [ERROR] The Content Security Policy directive 'upgrade-insecure-requests' is ignored when delivered in a report-only policy. @ https://play.gumlet.io/embed/69ec63bc4779ed7c8b5cc114?autoplay=true&loop=true&muted=true&background=true&preload=true&disable_logo=true&disable_player_controls=true:0
[   92969ms] [ERROR] The Content Security Policy directive 'upgrade-insecure-requests' is ignored when delivered in a report-only policy. @ https://play.gumlet.io/embed/69ec633f80df8787f2c1524e?autoplay=true&loop=true&background=true&muted=true&preload=true&disable_logo=true:0
[   93275ms] [ERROR] The Content Security Policy directive 'upgrade-insecure-requests' is ignored when delivered in a report-only policy. @ https://play.gumlet.io/embed/69ec60544779ed7c8b5c7bf2?autoplay=true&loop=true&muted=true&background=true&preload=true&disable_logo=true&disable_player_controls=true:0
[   93306ms] [ERROR] The Content Security Policy directive 'upgrade-insecure-requests' is ignored when delivered in a report-only policy. @ https://play.gumlet.io/embed/69ec658280df8787f2c17a1c?autoplay=true&loop=true&muted=true&background=true&preload=true&disable_logo=true&disable_player_controls=true:0
[   93359ms] [ERROR] The Content Security Policy directive 'upgrade-insecure-requests' is ignored when delivered in a report-only policy. @ https://play.gumlet.io/embed/69ec64bb51e0355695cb0733?autoplay=true&loop=true&muted=true&background=true&preload=true&disable_logo=true&disable_player_controls=true:0
[   93519ms] [ERROR] The Content Security Policy directive 'upgrade-insecure-requests' is ignored when delivered in a report-only policy. @ https://play.gumlet.io/embed/69ec63bc4779ed7c8b5cc114?autoplay=true&loop=true&muted=true&background=true&preload=true&disable_logo=true&disable_player_controls=true:0
[   93556ms] [ERROR] The Content Security Policy directive 'upgrade-insecure-requests' is ignored when delivered in a report-only policy. @ https://play.gumlet.io/embed/69ec63bb51e0355695caf68c?autoplay=true&loop=true&muted=true&background=true&preload=true&disable_logo=true&disable_player_controls=true:0
[   92969ms] [ERROR] The Content Security Policy directive 'upgrade-insecure-requests' is ignored when delivered in a report-only policy. @ https://play.gumlet.io/embed/69ec633f80df8787f2c1524e?autoplay=true&loop=true&background=true&muted=true&preload=true&disable_logo=true:0
[   93275ms] [ERROR] The Content Security Policy directive 'upgrade-insecure-requests' is ignored when delivered in a report-only policy. @ https://play.gumlet.io/embed/69ec60544779ed7c8b5c7bf2?autoplay=true&loop=true&muted=true&background=true&preload=true&disable_logo=true&disable_player_controls=true:0
[   93306ms] [ERROR] The Content Security Policy directive 'upgrade-insecure-requests' is ignored when delivered in a report-only policy. @ https://play.gumlet.io/embed/69ec658280df8787f2c17a1c?autoplay=true&loop=true&muted=true&background=true&preload=true&disable_logo=true&disable_player_controls=true:0
[   93359ms] [ERROR] The Content Security Policy directive 'upgrade-insecure-requests' is ignored when delivered in a report-only policy. @ https://play.gumlet.io/embed/69ec64bb51e0355695cb0733?autoplay=true&loop=true&muted=true&background=true&preload=true&disable_logo=true&disable_player_controls=true:0
[   93519ms] [ERROR] The Content Security Policy directive 'upgrade-insecure-requests' is ignored when delivered in a report-only policy. @ https://play.gumlet.io/embed/69ec63bc4779ed7c8b5cc114?autoplay=true&loop=true&muted=true&background=true&preload=true&disable_logo=true&disable_player_controls=true:0
[   93556ms] [ERROR] The Content Security Policy directive 'upgrade-insecure-requests' is ignored when delivered in a report-only policy. @ https://play.gumlet.io/embed/69ec63bb51e0355695caf68c?autoplay=true&loop=true&muted=true&background=true&preload=true&disable_logo=true&disable_player_controls=true:0
[   93576ms] [ERROR] The Content Security Policy directive 'upgrade-insecure-requests' is ignored when delivered in a report-only policy. @ https://play.gumlet.io/embed/69ec639380df8787f2c15901?autoplay=true&loop=true&muted=true&background=true&preload=true&disable_logo=true&disable_player_controls=true:0
[   93675ms] [WARNING] Image with src "https://minimum-amber-a4qmprk7vs.edgeone.app/DSC04395.png" is using quality "70" which is not configured in images.qualities [75]. Please update your config to [70, 75].
Read more: https://nextjs.org/docs/messages/next-image-unconfigured-qualities @ http://localhost:3000/_next/static/chunks/node_modules_next_dist_115brz8._.js:2431
[   93681ms] [WARNING] Image with src "https://fantastic-chocolate-zf9kjl0vke.edgeone.app/DSC04373.png" is using quality "70" which is not configured in images.qualities [75]. Please update your config to [70, 75].
Read more: https://nextjs.org/docs/messages/next-image-unconfigured-qualities @ http://localhost:3000/_next/static/chunks/node_modules_next_dist_115brz8._.js:2431
[   93690ms] [WARNING] Image with src "https://agreed-azure-zjezxiows0.edgeone.app/DSC04411-Enhanced-NR.png" is using quality "70" which is not configured in images.qualities [75]. Please update your config to [70, 75].
Read more: https://nextjs.org/docs/messages/next-image-unconfigured-qualities @ http://localhost:3000/_next/static/chunks/node_modules_next_dist_115brz8._.js:2431
[   93700ms] [WARNING] Image with src "https://ugliest-lavender-csj1iqaayz.edgeone.app/DSC04404-2-Enhanced-NR.png" is using quality "70" which is not configured in images.qualities [75]. Please update your config to [70, 75].
Read more: https://nextjs.org/docs/messages/next-image-unconfigured-qualities @ http://localhost:3000/_next/static/chunks/node_modules_next_dist_115brz8._.js:2431
[   93706ms] [WARNING] Image with src "https://absolute-moccasin-prou3nhs4n.edgeone.app/DSC04456-Enhanced-NR.png" is using quality "70" which is not configured in images.qualities [75]. Please update your config to [70, 75].
Read more: https://nextjs.org/docs/messages/next-image-unconfigured-qualities @ http://localhost:3000/_next/static/chunks/node_modules_next_dist_115brz8._.js:2431
[   93720ms] [WARNING] Image with src "https://zygotic-turquoise-ytseh49sgl.edgeone.app/DSC04379.png" is using quality "70" which is not configured in images.qualities [75]. Please update your config to [70, 75].
Read more: https://nextjs.org/docs/messages/next-image-unconfigured-qualities @ http://localhost:3000/_next/static/chunks/node_modules_next_dist_115brz8._.js:2431
[   93725ms] [WARNING] Image with src "https://rapid-purple-slfeijomv1.edgeone.app/DSC04401.png" is using quality "70" which is not configured in images.qualities [75]. Please update your config to [70, 75].
Read more: https://nextjs.org/docs/messages/next-image-unconfigured-qualities @ http://localhost:3000/_next/static/chunks/node_modules_next_dist_115brz8._.js:2431
[   93736ms] [WARNING] Image with src "https://variable-indigo-1iauojgzig.edgeone.app/DSC04387.png" is using quality "70" which is not configured in images.qualities [75]. Please update your config to [70, 75].
Read more: https://nextjs.org/docs/messages/next-image-unconfigured-qualities @ http://localhost:3000/_next/static/chunks/node_modules_next_dist_115brz8._.js:2431
[   93740ms] [WARNING] Image with src "https://super-sapphire-76vas0mvon.edgeone.app/DSC04439-Enhanced-NR.png" is using quality "70" which is not configured in images.qualities [75]. Please update your config to [70, 75].
Read more: https://nextjs.org/docs/messages/next-image-unconfigured-qualities @ http://localhost:3000/_next/static/chunks/node_modules_next_dist_115brz8._.js:2431
[   93745ms] [WARNING] Image with src "https://everyday-lavender-afdj1v0ws7.edgeone.app/DSC04430-Enhanced-NR.png" is using quality "70" which is not configured in images.qualities [75]. Please update your config to [70, 75].
Read more: https://nextjs.org/docs/messages/next-image-unconfigured-qualities @ http://localhost:3000/_next/static/chunks/node_modules_next_dist_115brz8._.js:2431
[   93784ms] [WARNING] Image with src "https://precise-apricot-uv0yrjzron.edgeone.app/DSC04450-Enhanced-NR.png" is using quality "70" which is not configured in images.qualities [75]. Please update your config to [70, 75].
Read more: https://nextjs.org/docs/messages/next-image-unconfigured-qualities @ http://localhost:3000/_next/static/chunks/node_modules_next_dist_115brz8._.js:2431
[   93789ms] [WARNING] Image with src "https://simple-lavender-oofkk0bffl.edgeone.app/DSC04462-Enhanced-NR.png" is using quality "70" which is not configured in images.qualities [75]. Please update your config to [70, 75].
Read more: https://nextjs.org/docs/messages/next-image-unconfigured-qualities @ http://localhost:3000/_next/static/chunks/node_modules_next_dist_115brz8._.js:2431
[   93968ms] Error: Hydration failed because the server rendered text didn't match the client. As a result this tree will be regenerated on the client. This can happen if a SSR-ed Client Component used:

- A server/client branch `if (typeof window !== 'undefined')`.
- Variable input such as `Date.now()` or `Math.random()` which changes each time it's called.
- Date formatting in a user's locale which doesn't match the server.
- External changing data without sending a snapshot of it along with the HTML.
- Invalid HTML tag nesting.

It can also happen if the client has a browser extension installed which messes with the HTML before React loaded.

https://react.dev/link/hydration-mismatch

  ...
    <HTTPAccessFallbackBoundary notFound={<NotAllowedRootHTTPFallbackError>}>
      <HTTPAccessFallbackErrorBoundary pathname="/" notFound={<NotAllowedRootHTTPFallbackError>} forbidden={undefined} ...>
        <RedirectBoundary>
          <RedirectErrorBoundary router={{...}}>
            <Head>
            <__next_root_layout_boundary__>
              <LoadingBoundaryProvider loading={[...]}>
                <SegmentViewNode type="layout" pagePath="layout.tsx">
                  <SegmentTrieNode>
                  <link>
                  <script>
                  <script>
                  <script>
                  <RootLayout>
                    <html lang="en" className="playfair_d..." suppressHydrationWarning={true}>
                      <head>
                      <body className="min-h-dvh ...">
                        <Suspense>
                        <SiteChrome navbar={{navLinks:[...], ...}} footer={{...}}>
                          <Navbar>
                            <div className="bg-charcoa...">
                              <div className="max-w-7xl ...">
                                <p className="font-sans tracking-wide">
+                                 Precision Board Manufacturing - Paterson, NJ since 1999
-                                 Family-Owned Manufacturer · Paterson, NJ since 1999
                                ...
                            ...
                          ...
                        ...
            ...

    at throwOnHydrationMismatch (http://localhost:3000/_next/static/chunks/node_modules_next_dist_compiled_react-dom_058-ah~._.js:3318:56)
    at prepareToHydrateHostInstance (http://localhost:3000/_next/static/chunks/node_modules_next_dist_compiled_react-dom_058-ah~._.js:3372:23)
    at completeWork (http://localhost:3000/_next/static/chunks/node_modules_next_dist_compiled_react-dom_058-ah~._.js:6922:60)
    at runWithFiberInDEV (http://localhost:3000/_next/static/chunks/node_modules_next_dist_compiled_react-dom_058-ah~._.js:965:74)
    at completeUnitOfWork (http://localhost:3000/_next/static/chunks/node_modules_next_dist_compiled_react-dom_058-ah~._.js:9622:23)
    at performUnitOfWork (http://localhost:3000/_next/static/chunks/node_modules_next_dist_compiled_react-dom_058-ah~._.js:9557:28)
    at workLoopConcurrentByScheduler (http://localhost:3000/_next/static/chunks/node_modules_next_dist_compiled_react-dom_058-ah~._.js:9551:58)
    at renderRootConcurrent (http://localhost:3000/_next/static/chunks/node_modules_next_dist_compiled_react-dom_058-ah~._.js:9534:71)
    at performWorkOnRoot (http://localhost:3000/_next/static/chunks/node_modules_next_dist_compiled_react-dom_058-ah~._.js:9061:150)
    at performWorkOnRootViaSchedulerTask (http://localhost:3000/_next/static/chunks/node_modules_next_dist_compiled_react-dom_058-ah~._.js:10255:9)
    at MessagePort.performWorkUntilDeadline (http://localhost:3000/_next/static/chunks/node_modules_next_dist_compiled_0rpq4pf._.js:2647:64)
[   92969ms] [ERROR] The Content Security Policy directive 'upgrade-insecure-requests' is ignored when delivered in a report-only policy. @ https://play.gumlet.io/embed/69ec633f80df8787f2c1524e?autoplay=true&loop=true&background=true&muted=true&preload=true&disable_logo=true:0
[   93275ms] [ERROR] The Content Security Policy directive 'upgrade-insecure-requests' is ignored when delivered in a report-only policy. @ https://play.gumlet.io/embed/69ec60544779ed7c8b5c7bf2?autoplay=true&loop=true&muted=true&background=true&preload=true&disable_logo=true&disable_player_controls=true:0
[   93306ms] [ERROR] The Content Security Policy directive 'upgrade-insecure-requests' is ignored when delivered in a report-only policy. @ https://play.gumlet.io/embed/69ec658280df8787f2c17a1c?autoplay=true&loop=true&muted=true&background=true&preload=true&disable_logo=true&disable_player_controls=true:0
[   93359ms] [ERROR] The Content Security Policy directive 'upgrade-insecure-requests' is ignored when delivered in a report-only policy. @ https://play.gumlet.io/embed/69ec64bb51e0355695cb0733?autoplay=true&loop=true&muted=true&background=true&preload=true&disable_logo=true&disable_player_controls=true:0
[   93519ms] [ERROR] The Content Security Policy directive 'upgrade-insecure-requests' is ignored when delivered in a report-only policy. @ https://play.gumlet.io/embed/69ec63bc4779ed7c8b5cc114?autoplay=true&loop=true&muted=true&background=true&preload=true&disable_logo=true&disable_player_controls=true:0
[   93556ms] [ERROR] The Content Security Policy directive 'upgrade-insecure-requests' is ignored when delivered in a report-only policy. @ https://play.gumlet.io/embed/69ec63bb51e0355695caf68c?autoplay=true&loop=true&muted=true&background=true&preload=true&disable_logo=true&disable_player_controls=true:0
[   93576ms] [ERROR] The Content Security Policy directive 'upgrade-insecure-requests' is ignored when delivered in a report-only policy. @ https://play.gumlet.io/embed/69ec639380df8787f2c15901?autoplay=true&loop=true&muted=true&background=true&preload=true&disable_logo=true&disable_player_controls=true:0
[   94236ms] [ERROR] The Content Security Policy directive 'upgrade-insecure-requests' is ignored when delivered in a report-only policy. @ https://play.gumlet.io/embed/69ec633f80df8787f2c1524e?autoplay=true&loop=true&background=true&muted=true&preload=true&disable_logo=true:0
[   97283ms] [LOG] [Fast Refresh] rebuilding @ http://localhost:3000/_next/static/chunks/node_modules_next_dist_115brz8._.js:2431
[   97583ms] [LOG] [Fast Refresh] done in 400ms @ http://localhost:3000/_next/static/chunks/node_modules_next_dist_115brz8._.js:2431
[   99206ms] [LOG] [Fast Refresh] rebuilding @ http://localhost:3000/_next/static/chunks/node_modules_next_dist_115brz8._.js:2431
[   99251ms] [LOG] [Fast Refresh] done in 146ms @ http://localhost:3000/_next/static/chunks/node_modules_next_dist_115brz8._.js:2431
[   99447ms] [LOG] [Fast Refresh] rebuilding @ http://localhost:3000/_next/static/chunks/node_modules_next_dist_115brz8._.js:2431
[   99469ms] [LOG] [Fast Refresh] done in 122ms @ http://localhost:3000/_next/static/chunks/node_modules_next_dist_115brz8._.js:2431
[  100672ms] [WARNING] The resource https://video.gumlet.io/69ec5f2680df8787f2c0fb79/69ec60544779ed7c8b5c7bf2/thumbnail-1-0.png?format=auto&ar=1920%3A1080&mode=crop&w=160 was preloaded using link preload but not used within a few seconds from the window's load event. Please make sure it has an appropriate `as` value and it is preloaded intentionally. @ https://play.gumlet.io/embed/69ec60544779ed7c8b5c7bf2?autoplay=true&loop=true&muted=true&background=true&preload=true&disable_logo=true&disable_player_controls=true:0
[  101805ms] [WARNING] The resource https://video.gumlet.io/69ec5f2680df8787f2c0fb79/69ec658280df8787f2c17a1c/thumbnail-1-0.png?format=auto&ar=1920%3A1080&mode=crop&w=160 was preloaded using link preload but not used within a few seconds from the window's load event. Please make sure it has an appropriate `as` value and it is preloaded intentionally. @ https://play.gumlet.io/embed/69ec658280df8787f2c17a1c?autoplay=true&loop=true&muted=true&background=true&preload=true&disable_logo=true&disable_player_controls=true:0
[  102267ms] [WARNING] The resource https://video.gumlet.io/69ec5f2680df8787f2c0fb79/69ec64bb51e0355695cb0733/thumbnail-1-0.png?format=auto&ar=1920%3A1080&mode=crop&w=160 was preloaded using link preload but not used within a few seconds from the window's load event. Please make sure it has an appropriate `as` value and it is preloaded intentionally. @ https://play.gumlet.io/embed/69ec64bb51e0355695cb0733?autoplay=true&loop=true&muted=true&background=true&preload=true&disable_logo=true&disable_player_controls=true:0
[  105822ms] [WARNING] The resource https://video.gumlet.io/69ec5f2680df8787f2c0fb79/69ec658280df8787f2c17a1c/thumbnail-1-0.png?format=auto&ar=1920%3A1080&mode=crop&w=160 was preloaded using link preload but not used within a few seconds from the window's load event. Please make sure it has an appropriate `as` value and it is preloaded intentionally. @ https://play.gumlet.io/embed/69ec658280df8787f2c17a1c?autoplay=true&loop=true&muted=true&background=true&preload=true&disable_logo=true&disable_player_controls=true:0
[  105838ms] [WARNING] The resource https://video.gumlet.io/69ec5f2680df8787f2c0fb79/69ec60544779ed7c8b5c7bf2/thumbnail-1-0.png?format=auto&ar=1920%3A1080&mode=crop&w=160 was preloaded using link preload but not used within a few seconds from the window's load event. Please make sure it has an appropriate `as` value and it is preloaded intentionally. @ https://play.gumlet.io/embed/69ec60544779ed7c8b5c7bf2?autoplay=true&loop=true&muted=true&background=true&preload=true&disable_logo=true&disable_player_controls=true:0
[  106286ms] [WARNING] The resource https://video.gumlet.io/69ec5f2680df8787f2c0fb79/69ec64bb51e0355695cb0733/thumbnail-1-0.png?format=auto&ar=1920%3A1080&mode=crop&w=160 was preloaded using link preload but not used within a few seconds from the window's load event. Please make sure it has an appropriate `as` value and it is preloaded intentionally. @ https://play.gumlet.io/embed/69ec64bb51e0355695cb0733?autoplay=true&loop=true&muted=true&background=true&preload=true&disable_logo=true&disable_player_controls=true:0
[  109922ms] [WARNING] The resource https://video.gumlet.io/69ec5f2680df8787f2c0fb79/69ec658280df8787f2c17a1c/thumbnail-1-0.png?format=auto&ar=1920%3A1080&mode=crop&w=160 was preloaded using link preload but not used within a few seconds from the window's load event. Please make sure it has an appropriate `as` value and it is preloaded intentionally. @ https://play.gumlet.io/embed/69ec658280df8787f2c17a1c?autoplay=true&loop=true&muted=true&background=true&preload=true&disable_logo=true&disable_player_controls=true:0
[  110140ms] [WARNING] The resource https://video.gumlet.io/69ec5f2680df8787f2c0fb79/69ec64bb51e0355695cb0733/thumbnail-1-0.png?format=auto&ar=1920%3A1080&mode=crop&w=160 was preloaded using link preload but not used within a few seconds from the window's load event. Please make sure it has an appropriate `as` value and it is preloaded intentionally. @ https://play.gumlet.io/embed/69ec64bb51e0355695cb0733?autoplay=true&loop=true&muted=true&background=true&preload=true&disable_logo=true&disable_player_controls=true:0
[  111698ms] [WARNING] The resource https://video.gumlet.io/69ec5f2680df8787f2c0fb79/69ec60544779ed7c8b5c7bf2/thumbnail-1-0.png?format=auto&ar=1920%3A1080&mode=crop&w=160 was preloaded using link preload but not used within a few seconds from the window's load event. Please make sure it has an appropriate `as` value and it is preloaded intentionally. @ https://play.gumlet.io/embed/69ec60544779ed7c8b5c7bf2?autoplay=true&loop=true&muted=true&background=true&preload=true&disable_logo=true&disable_player_controls=true:0
[  113870ms] [WARNING] The resource https://video.gumlet.io/69ec5f2680df8787f2c0fb79/69ec658280df8787f2c17a1c/thumbnail-1-0.png?format=auto&ar=1920%3A1080&mode=crop&w=160 was preloaded using link preload but not used within a few seconds from the window's load event. Please make sure it has an appropriate `as` value and it is preloaded intentionally. @ https://play.gumlet.io/embed/69ec658280df8787f2c17a1c?autoplay=true&loop=true&muted=true&background=true&preload=true&disable_logo=true&disable_player_controls=true:0
[  113906ms] [WARNING] The resource https://video.gumlet.io/69ec5f2680df8787f2c0fb79/69ec64bb51e0355695cb0733/thumbnail-1-0.png?format=auto&ar=1920%3A1080&mode=crop&w=160 was preloaded using link preload but not used within a few seconds from the window's load event. Please make sure it has an appropriate `as` value and it is preloaded intentionally. @ https://play.gumlet.io/embed/69ec64bb51e0355695cb0733?autoplay=true&loop=true&muted=true&background=true&preload=true&disable_logo=true&disable_player_controls=true:0
[  117476ms] [WARNING] The resource https://video.gumlet.io/69ec5f2680df8787f2c0fb79/69ec60544779ed7c8b5c7bf2/thumbnail-1-0.png?format=auto&ar=1920%3A1080&mode=crop&w=160 was preloaded using link preload but not used within a few seconds from the window's load event. Please make sure it has an appropriate `as` value and it is preloaded intentionally. @ https://play.gumlet.io/embed/69ec60544779ed7c8b5c7bf2?autoplay=true&loop=true&muted=true&background=true&preload=true&disable_logo=true&disable_player_controls=true:0
[  120091ms] [WARNING] The resource https://video.gumlet.io/69ec5f2680df8787f2c0fb79/69ec658280df8787f2c17a1c/thumbnail-1-0.png?format=auto&ar=1920%3A1080&mode=crop&w=160 was preloaded using link preload but not used within a few seconds from the window's load event. Please make sure it has an appropriate `as` value and it is preloaded intentionally. @ https://play.gumlet.io/embed/69ec658280df8787f2c17a1c?autoplay=true&loop=true&muted=true&background=true&preload=true&disable_logo=true&disable_player_controls=true:0
[  121961ms] [WARNING] The resource https://video.gumlet.io/69ec5f2680df8787f2c0fb79/69ec64bb51e0355695cb0733/thumbnail-1-0.png?format=auto&ar=1920%3A1080&mode=crop&w=160 was preloaded using link preload but not used within a few seconds from the window's load event. Please make sure it has an appropriate `as` value and it is preloaded intentionally. @ https://play.gumlet.io/embed/69ec64bb51e0355695cb0733?autoplay=true&loop=true&muted=true&background=true&preload=true&disable_logo=true&disable_player_controls=true:0
[  124578ms] [WARNING] The resource https://video.gumlet.io/69ec5f2680df8787f2c0fb79/69ec60544779ed7c8b5c7bf2/thumbnail-1-0.png?format=auto&ar=1920%3A1080&mode=crop&w=160 was preloaded using link preload but not used within a few seconds from the window's load event. Please make sure it has an appropriate `as` value and it is preloaded intentionally. @ https://play.gumlet.io/embed/69ec60544779ed7c8b5c7bf2?autoplay=true&loop=true&muted=true&background=true&preload=true&disable_logo=true&disable_player_controls=true:0
[  125987ms] [WARNING] The resource https://video.gumlet.io/69ec5f2680df8787f2c0fb79/69ec64bb51e0355695cb0733/thumbnail-1-0.png?format=auto&ar=1920%3A1080&mode=crop&w=160 was preloaded using link preload but not used within a few seconds from the window's load event. Please make sure it has an appropriate `as` value and it is preloaded intentionally. @ https://play.gumlet.io/embed/69ec64bb51e0355695cb0733?autoplay=true&loop=true&muted=true&background=true&preload=true&disable_logo=true&disable_player_controls=true:0
[  129822ms] [WARNING] The resource https://video.gumlet.io/69ec5f2680df8787f2c0fb79/69ec60544779ed7c8b5c7bf2/thumbnail-1-0.png?format=auto&ar=1920%3A1080&mode=crop&w=160 was preloaded using link preload but not used within a few seconds from the window's load event. Please make sure it has an appropriate `as` value and it is preloaded intentionally. @ https://play.gumlet.io/embed/69ec60544779ed7c8b5c7bf2?autoplay=true&loop=true&muted=true&background=true&preload=true&disable_logo=true&disable_player_controls=true:0
[  130279ms] [WARNING] The resource https://video.gumlet.io/69ec5f2680df8787f2c0fb79/69ec64bb51e0355695cb0733/thumbnail-1-0.png?format=auto&ar=1920%3A1080&mode=crop&w=160 was preloaded using link preload but not used within a few seconds from the window's load event. Please make sure it has an appropriate `as` value and it is preloaded intentionally. @ https://play.gumlet.io/embed/69ec64bb51e0355695cb0733?autoplay=true&loop=true&muted=true&background=true&preload=true&disable_logo=true&disable_player_controls=true:0
[  130317ms] [LOG] [Fast Refresh] rebuilding @ http://localhost:3000/_next/static/chunks/node_modules_next_dist_115brz8._.js:2431
[  130325ms] [LOG] [Fast Refresh] done in 109ms @ http://localhost:3000/_next/static/chunks/node_modules_next_dist_115brz8._.js:2431
[  131637ms] [WARNING] The resource https://video.gumlet.io/69ec5f2680df8787f2c0fb79/69ec658280df8787f2c17a1c/thumbnail-1-0.png?format=auto&ar=1920%3A1080&mode=crop&w=160 was preloaded using link preload but not used within a few seconds from the window's load event. Please make sure it has an appropriate `as` value and it is preloaded intentionally. @ https://play.gumlet.io/embed/69ec658280df8787f2c17a1c?autoplay=true&loop=true&muted=true&background=true&preload=true&disable_logo=true&disable_player_controls=true:0
[  134038ms] [WARNING] The resource https://video.gumlet.io/69ec5f2680df8787f2c0fb79/69ec64bb51e0355695cb0733/thumbnail-1-0.png?format=auto&ar=1920%3A1080&mode=crop&w=160 was preloaded using link preload but not used within a few seconds from the window's load event. Please make sure it has an appropriate `as` value and it is preloaded intentionally. @ https://play.gumlet.io/embed/69ec64bb51e0355695cb0733?autoplay=true&loop=true&muted=true&background=true&preload=true&disable_logo=true&disable_player_controls=true:0
[  134836ms] [WARNING] The resource https://video.gumlet.io/69ec5f2680df8787f2c0fb79/69ec60544779ed7c8b5c7bf2/thumbnail-1-0.png?format=auto&ar=1920%3A1080&mode=crop&w=160 was preloaded using link preload but not used within a few seconds from the window's load event. Please make sure it has an appropriate `as` value and it is preloaded intentionally. @ https://play.gumlet.io/embed/69ec60544779ed7c8b5c7bf2?autoplay=true&loop=true&muted=true&background=true&preload=true&disable_logo=true&disable_player_controls=true:0
