[    1528ms] [INFO] %cDownload the React DevTools for a better development experience: https://react.dev/link/react-devtools font-weight:bold @ http://localhost:3001/_next/static/chunks/node_modules_next_dist_115brz8._.js:2431
[    1658ms] [LOG] [HMR] connected @ http://localhost:3001/_next/static/chunks/node_modules_next_dist_115brz8._.js:2431
[    1755ms] [ERROR] Each child in a list should have a unique "key" prop.%s%s See https://react.dev/link/warning-keys for more information. 

Check the render method of `OuterLayoutRouter`.  @ http://localhost:3001/_next/static/chunks/node_modules_next_dist_115brz8._.js:3272
[    5159ms] [WARNING] The resource http://localhost:3001/_next/static/media/2a65768255d6b625-s.p.14by5b4al-y~f.woff2 was preloaded using link preload but not used within a few seconds from the window's load event. Please make sure it has an appropriate `as` value and it is preloaded intentionally. @ http://localhost:3001/:0
[    5159ms] [WARNING] The resource http://localhost:3001/_next/static/media/83afe278b6a6bb3c-s.p.0q-301v4kxxnr.woff2 was preloaded using link preload but not used within a few seconds from the window's load event. Please make sure it has an appropriate `as` value and it is preloaded intentionally. @ http://localhost:3001/:0
[   20167ms] [WARNING] The resource http://localhost:3001/_next/static/media/2a65768255d6b625-s.p.14by5b4al-y~f.woff2 was preloaded using link preload but not used within a few seconds from the window's load event. Please make sure it has an appropriate `as` value and it is preloaded intentionally. @ http://localhost:3001/:0
[   20167ms] [WARNING] The resource http://localhost:3001/_next/static/media/83afe278b6a6bb3c-s.p.0q-301v4kxxnr.woff2 was preloaded using link preload but not used within a few seconds from the window's load event. Please make sure it has an appropriate `as` value and it is preloaded intentionally. @ http://localhost:3001/:0
[   49879ms] [ERROR] WebSocket connection to 'ws://localhost:3001/_next/webpack-hmr?id=SaqUjkUemy7-gnk3bsMcm' failed: Error in connection establishment: net::ERR_CONNECTION_REFUSED @ http://localhost:3001/_next/static/chunks/node_modules_next_dist_client_0fhqo1d._.js:13299
[   50881ms] [ERROR] WebSocket connection to 'ws://localhost:3001/_next/webpack-hmr?id=SaqUjkUemy7-gnk3bsMcm' failed: Error in connection establishment: net::ERR_CONNECTION_REFUSED @ http://localhost:3001/_next/static/chunks/node_modules_next_dist_client_0fhqo1d._.js:13299
[   51884ms] [ERROR] WebSocket connection to 'ws://localhost:3001/_next/webpack-hmr?id=SaqUjkUemy7-gnk3bsMcm' failed: Error in connection establishment: net::ERR_CONNECTION_REFUSED @ http://localhost:3001/_next/static/chunks/node_modules_next_dist_client_0fhqo1d._.js:13299
[   52887ms] [ERROR] WebSocket connection to 'ws://localhost:3001/_next/webpack-hmr?id=SaqUjkUemy7-gnk3bsMcm' failed: Error in connection establishment: net::ERR_CONNECTION_REFUSED @ http://localhost:3001/_next/static/chunks/node_modules_next_dist_client_0fhqo1d._.js:13299
[   53890ms] [ERROR] WebSocket connection to 'ws://localhost:3001/_next/webpack-hmr?id=SaqUjkUemy7-gnk3bsMcm' failed: Error in connection establishment: net::ERR_CONNECTION_REFUSED @ http://localhost:3001/_next/static/chunks/node_modules_next_dist_client_0fhqo1d._.js:13299
[   58893ms] [ERROR] WebSocket connection to 'ws://localhost:3001/_next/webpack-hmr?id=SaqUjkUemy7-gnk3bsMcm' failed: Error in connection establishment: net::ERR_CONNECTION_REFUSED @ http://localhost:3001/_next/static/chunks/node_modules_next_dist_client_0fhqo1d._.js:13299
[   61956ms] [ERROR] Failed to load resource: net::ERR_CONNECTION_REFUSED @ http://localhost:3001/api/analytics/track:0
[   63897ms] [ERROR] WebSocket connection to 'ws://localhost:3001/_next/webpack-hmr?id=SaqUjkUemy7-gnk3bsMcm' failed: Error in connection establishment: net::ERR_CONNECTION_REFUSED @ http://localhost:3001/_next/static/chunks/node_modules_next_dist_client_0fhqo1d._.js:13299
[   64957ms] [WARNING] The resource http://localhost:3001/_next/static/media/2a65768255d6b625-s.p.14by5b4al-y~f.woff2 was preloaded using link preload but not used within a few seconds from the window's load event. Please make sure it has an appropriate `as` value and it is preloaded intentionally. @ http://localhost:3001/:0
[   64957ms] [WARNING] The resource http://localhost:3001/_next/static/media/83afe278b6a6bb3c-s.p.0q-301v4kxxnr.woff2 was preloaded using link preload but not used within a few seconds from the window's load event. Please make sure it has an appropriate `as` value and it is preloaded intentionally. @ http://localhost:3001/:0
[   68900ms] [ERROR] WebSocket connection to 'ws://localhost:3001/_next/webpack-hmr?id=SaqUjkUemy7-gnk3bsMcm' failed: Error in connection establishment: net::ERR_CONNECTION_REFUSED @ http://localhost:3001/_next/static/chunks/node_modules_next_dist_client_0fhqo1d._.js:13299
[   73905ms] [ERROR] WebSocket connection to 'ws://localhost:3001/_next/webpack-hmr?id=SaqUjkUemy7-gnk3bsMcm' failed: Error in connection establishment: net::ERR_CONNECTION_REFUSED @ http://localhost:3001/_next/static/chunks/node_modules_next_dist_client_0fhqo1d._.js:13299
[   76955ms] [ERROR] Failed to load resource: net::ERR_CONNECTION_REFUSED @ http://localhost:3001/api/analytics/track:0
[   78907ms] [ERROR] WebSocket connection to 'ws://localhost:3001/_next/webpack-hmr?id=SaqUjkUemy7-gnk3bsMcm' failed: Error in connection establishment: net::ERR_CONNECTION_REFUSED @ http://localhost:3001/_next/static/chunks/node_modules_next_dist_client_0fhqo1d._.js:13299
